Using pre-set license
Built from '2020.2/release' branch; Version is '2020.2.1f1 (270dd8c3da1c) revision 2559448'; Using compiler version '192528614'; Build Type 'Release'
OS: 'Windows 10  (10.0.0) 64bit' Language: 'es' Physical Memory: 8125 MB
BatchMode: 1, IsHumanControllingUs: 0, StartBugReporterOnCrash: 0, Is64bit: 1, IsPro: 0

 COMMAND LINE ARGUMENTS:
D:\Archivos de programa\Unity\Hub\Editor\2020.2.1f1\Editor\Unity.exe
-adb2
-batchMode
-noUpm
-name
AssetImportWorker2
-projectPath
D:/Escritorio/Developer/Proyectos/01Cars
-logFile
Logs/AssetImportWorker2.log
-srvPort
58099
Successfully changed project path to: D:/Escritorio/Developer/Proyectos/01Cars
D:/Escritorio/Developer/Proyectos/01Cars
Using Asset Import Pipeline V2.
Refreshing native plugins compatible for Editor in 29.72 ms, found 0 plugins.
Preloading 0 native plugins for Editor in 0.00 ms.
Initialize engine version: 2020.2.1f1 (270dd8c3da1c)
[Subsystems] Discovering subsystems at path D:/Archivos de programa/Unity/Hub/Editor/2020.2.1f1/Editor/Data/Resources/UnitySubsystems
[Subsystems] Discovering subsystems at path D:/Escritorio/Developer/Proyectos/01Cars/Assets
GfxDevice: creating device client; threaded=0
Direct3D:
    Version:  Direct3D 11.0 [level 11.1]
    Renderer: NVIDIA GeForce GTX 1650 (ID=0x1f82)
    Vendor:   
    VRAM:     3962 MB
    Driver:   27.21.14.5730
Initialize mono
Mono path[0] = 'D:/Archivos de programa/Unity/Hub/Editor/2020.2.1f1/Editor/Data/Managed'
Mono path[1] = 'D:/Archivos de programa/Unity/Hub/Editor/2020.2.1f1/Editor/Data/MonoBleedingEdge/lib/mono/unityjit'
Mono config path = 'D:/Archivos de programa/Unity/Hub/Editor/2020.2.1f1/Editor/Data/MonoBleedingEdge/etc'
Using monoOptions --debugger-agent=transport=dt_socket,embedding=1,server=y,suspend=n,address=127.0.0.1:56500
Begin MonoManager ReloadAssembly
Registering precompiled unity dll's ...
Register platform support module: D:/Archivos de programa/Unity/Hub/Editor/2020.2.1f1/Editor/Data/PlaybackEngines/WindowsStandaloneSupport/UnityEditor.WindowsStandalone.Extensions.dll
Registered in 0.000993 seconds.
Native extension for WindowsStandalone target not found
Refreshing native plugins compatible for Editor in 24.55 ms, found 0 plugins.
Preloading 0 native plugins for Editor in 0.00 ms.
Invoked RoslynAnalysisRunner static constructor.
RoslynAnalysisRunner will not be running.
RoslynAnalysisRunner has terminated.
Mono: successfully reloaded assembly
- Completed reload, in  1.033 seconds
Platform modules already initialized, skipping
Registering precompiled user dll's ...
Registered in 0.003233 seconds.
Begin MonoManager ReloadAssembly
Native extension for WindowsStandalone target not found
Refreshing native plugins compatible for Editor in 0.27 ms, found 0 plugins.
Preloading 0 native plugins for Editor in 0.00 ms.
Invoked RoslynAnalysisRunner static constructor.
RoslynAnalysisRunner will not be running.
RoslynAnalysisRunner has terminated.
Mono: successfully reloaded assembly
- Completed reload, in  1.018 seconds
Platform modules already initialized, skipping
========================================================================
Worker process is ready to serve import requests
Launched and connected shader compiler UnityShaderCompiler.exe after 0.15 seconds
Refreshing native plugins compatible for Editor in 0.27 ms, found 0 plugins.
Preloading 0 native plugins for Editor in 0.00 ms.
Unloading 1146 Unused Serialized files (Serialized files now loaded: 0)
System memory in use before: 58.1 MB.
System memory in use after: 58.1 MB.

Unloading 17 unused Assets to reduce memory usage. Loaded Objects now: 1587.
Total: 1.806300 ms (FindLiveObjects: 0.212800 ms CreateObjectMapping: 0.059100 ms MarkObjects: 1.458200 ms  DeleteObjects: 0.074900 ms)

========================================================================
Received Import Request.
  path: Assets/Scripts/FollowPlayer.cs
  artifactKey: Guid(d83ca8f978366f84bb8cd88f2184e2f8) Importer(815301076,1909f56bfc062723c751e8b465ee728b)
Start importing Assets/Scripts/FollowPlayer.cs using Guid(d83ca8f978366f84bb8cd88f2184e2f8) Importer(815301076,1909f56bfc062723c751e8b465ee728b)  -> (artifact id: '115d3e7e0c0bb89e9e8dbf4110fe5f8e') in 0.170267 seconds
  Import took 0.224643 seconds .

========================================================================
Received Import Request.
  Time since last request: 733.431331 seconds.
  path: Assets/Scripts/WheelsRotate.cs
  artifactKey: Guid(4ed7d519c8a9a8c45862fedf54042200) Importer(815301076,1909f56bfc062723c751e8b465ee728b)
Start importing Assets/Scripts/WheelsRotate.cs using Guid(4ed7d519c8a9a8c45862fedf54042200) Importer(815301076,1909f56bfc062723c751e8b465ee728b)  -> (artifact id: '93b327bd3e121ae801d38f84eb4c31b2') in 0.090429 seconds
  Import took 0.186310 seconds .

========================================================================
Received Prepare
Registering precompiled user dll's ...
Registered in 0.386838 seconds.
Begin MonoManager ReloadAssembly
Native extension for WindowsStandalone target not found
Refreshing native plugins compatible for Editor in 0.30 ms, found 0 plugins.
Preloading 0 native plugins for Editor in 0.00 ms.
Invoked RoslynAnalysisRunner static constructor.
RoslynAnalysisRunner will not be running.
RoslynAnalysisRunner has terminated.
Mono: successfully reloaded assembly
- Completed reload, in  1.168 seconds
Platform modules already initialized, skipping
Refreshing native plugins compatible for Editor in 0.53 ms, found 0 plugins.
Preloading 0 native plugins for Editor in 0.00 ms.
Unloading 1140 Unused Serialized files (Serialized files now loaded: 0)
System memory in use before: 58.2 MB.
System memory in use after: 58.2 MB.

Unloading 12 unused Assets to reduce memory usage. Loaded Objects now: 1589.
Total: 2.222200 ms (FindLiveObjects: 0.144800 ms CreateObjectMapping: 0.044300 ms MarkObjects: 1.966300 ms  DeleteObjects: 0.065400 ms)

AssetImportWorkerClient::OnTransportError - code=2 error=End of file
