Using pre-set license
Built from '2020.2/release' branch; Version is '2020.2.1f1 (270dd8c3da1c) revision 2559448'; Using compiler version '192528614'; Build Type 'Release'
OS: 'Windows 10  (10.0.0) 64bit' Language: 'es' Physical Memory: 8125 MB
BatchMode: 1, IsHumanControllingUs: 0, StartBugReporterOnCrash: 0, Is64bit: 1, IsPro: 0

 COMMAND LINE ARGUMENTS:
D:\Archivos de programa\Unity\Hub\Editor\2020.2.1f1\Editor\Unity.exe
-adb2
-batchMode
-noUpm
-name
AssetImportWorker0
-projectPath
D:/Escritorio/Developer/Proyectos/02 Wildlife
-logFile
Logs/AssetImportWorker0.log
-srvPort
52173
Successfully changed project path to: D:/Escritorio/Developer/Proyectos/02 Wildlife
D:/Escritorio/Developer/Proyectos/02 Wildlife
Using Asset Import Pipeline V2.
Refreshing native plugins compatible for Editor in 26.66 ms, found 0 plugins.
Preloading 0 native plugins for Editor in 0.00 ms.
Initialize engine version: 2020.2.1f1 (270dd8c3da1c)
[Subsystems] Discovering subsystems at path D:/Archivos de programa/Unity/Hub/Editor/2020.2.1f1/Editor/Data/Resources/UnitySubsystems
[Subsystems] Discovering subsystems at path D:/Escritorio/Developer/Proyectos/02 Wildlife/Assets
GfxDevice: creating device client; threaded=0
Direct3D:
    Version:  Direct3D 11.0 [level 11.1]
    Renderer: NVIDIA GeForce GTX 1650 (ID=0x1f82)
    Vendor:   
    VRAM:     3962 MB
    Driver:   27.21.14.6140
Initialize mono
Mono path[0] = 'D:/Archivos de programa/Unity/Hub/Editor/2020.2.1f1/Editor/Data/Managed'
Mono path[1] = 'D:/Archivos de programa/Unity/Hub/Editor/2020.2.1f1/Editor/Data/MonoBleedingEdge/lib/mono/unityjit'
Mono config path = 'D:/Archivos de programa/Unity/Hub/Editor/2020.2.1f1/Editor/Data/MonoBleedingEdge/etc'
Using monoOptions --debugger-agent=transport=dt_socket,embedding=1,server=y,suspend=n,address=127.0.0.1:56692
Begin MonoManager ReloadAssembly
Registering precompiled unity dll's ...
Register platform support module: D:/Archivos de programa/Unity/Hub/Editor/2020.2.1f1/Editor/Data/PlaybackEngines/WindowsStandaloneSupport/UnityEditor.WindowsStandalone.Extensions.dll
Registered in 0.001549 seconds.
Native extension for WindowsStandalone target not found
Refreshing native plugins compatible for Editor in 24.87 ms, found 0 plugins.
Preloading 0 native plugins for Editor in 0.00 ms.
Invoked RoslynAnalysisRunner static constructor.
RoslynAnalysisRunner will not be running.
RoslynAnalysisRunner has terminated.
Mono: successfully reloaded assembly
- Completed reload, in  0.950 seconds
Platform modules already initialized, skipping
Registering precompiled user dll's ...
Registered in 0.002672 seconds.
Begin MonoManager ReloadAssembly
Native extension for WindowsStandalone target not found
Refreshing native plugins compatible for Editor in 0.29 ms, found 0 plugins.
Preloading 0 native plugins for Editor in 0.00 ms.
Invoked RoslynAnalysisRunner static constructor.
RoslynAnalysisRunner will not be running.
RoslynAnalysisRunner has terminated.
Mono: successfully reloaded assembly
- Completed reload, in  0.850 seconds
Platform modules already initialized, skipping
========================================================================
Worker process is ready to serve import requests
Launched and connected shader compiler UnityShaderCompiler.exe after 0.03 seconds
Refreshing native plugins compatible for Editor in 0.28 ms, found 0 plugins.
Preloading 0 native plugins for Editor in 0.00 ms.
Unloading 1159 Unused Serialized files (Serialized files now loaded: 0)
System memory in use before: 59.0 MB.
System memory in use after: 59.1 MB.

Unloading 17 unused Assets to reduce memory usage. Loaded Objects now: 1603.
Total: 1.757900 ms (FindLiveObjects: 0.170100 ms CreateObjectMapping: 0.066400 ms MarkObjects: 1.438700 ms  DeleteObjects: 0.081400 ms)

========================================================================
Received Import Request.
  path: Assets/Prototype/_Scripts/MoveProjectiles.cs
  artifactKey: Guid(2a81d9b4a50d50140a9ee262367e7461) Importer(815301076,1909f56bfc062723c751e8b465ee728b)
Start importing Assets/Prototype/_Scripts/MoveProjectiles.cs using Guid(2a81d9b4a50d50140a9ee262367e7461) Importer(815301076,1909f56bfc062723c751e8b465ee728b)  -> (artifact id: '201ee6728393fd7cdabb368260858174') in 0.058573 seconds
  Import took 0.083896 seconds .

========================================================================
Received Import Request.
  Time since last request: 16.730313 seconds.
  path: Assets/Prototype/_Scripts/MoveProjectiles.cs
  artifactKey: Guid(2a81d9b4a50d50140a9ee262367e7461) Importer(815301076,1909f56bfc062723c751e8b465ee728b)
Start importing Assets/Prototype/_Scripts/MoveProjectiles.cs using Guid(2a81d9b4a50d50140a9ee262367e7461) Importer(815301076,1909f56bfc062723c751e8b465ee728b)  -> (artifact id: 'a148ebcc91ffb78dd497ce179a943083') in 0.008241 seconds
  Import took 0.010487 seconds .

========================================================================
Received Import Request.
  Time since last request: 0.000673 seconds.
  path: Assets/Prototype/_Scripts/MoveProjectiles.cs
  artifactKey: Guid(2a81d9b4a50d50140a9ee262367e7461) Importer(815301076,1909f56bfc062723c751e8b465ee728b)
Start importing Assets/Prototype/_Scripts/MoveProjectiles.cs using Guid(2a81d9b4a50d50140a9ee262367e7461) Importer(815301076,1909f56bfc062723c751e8b465ee728b)  -> (artifact id: 'a148ebcc91ffb78dd497ce179a943083') in 0.009427 seconds
  Import took 0.011194 seconds .

========================================================================
Received Prepare
Registering precompiled user dll's ...
Registered in 0.002609 seconds.
Begin MonoManager ReloadAssembly
Native extension for WindowsStandalone target not found
Refreshing native plugins compatible for Editor in 0.28 ms, found 0 plugins.
Preloading 0 native plugins for Editor in 0.00 ms.
Invoked RoslynAnalysisRunner static constructor.
RoslynAnalysisRunner will not be running.
RoslynAnalysisRunner has terminated.
Mono: successfully reloaded assembly
- Completed reload, in  0.718 seconds
Platform modules already initialized, skipping
Refreshing native plugins compatible for Editor in 0.35 ms, found 0 plugins.
Preloading 0 native plugins for Editor in 0.00 ms.
Unloading 1153 Unused Serialized files (Serialized files now loaded: 0)
System memory in use before: 59.3 MB.
System memory in use after: 59.3 MB.

Unloading 12 unused Assets to reduce memory usage. Loaded Objects now: 1605.
Total: 1.592500 ms (FindLiveObjects: 0.130400 ms CreateObjectMapping: 0.035800 ms MarkObjects: 1.366800 ms  DeleteObjects: 0.058300 ms)

========================================================================
Received Import Request.
  Time since last request: 84.916639 seconds.
  path: Assets/Prototype/Prefabs/Projetile.prefab
  artifactKey: Guid(c64dc769ab8434449869892a711263a7) Importer(815301076,1909f56bfc062723c751e8b465ee728b)
Start importing Assets/Prototype/Prefabs/Projetile.prefab using Guid(c64dc769ab8434449869892a711263a7) Importer(815301076,1909f56bfc062723c751e8b465ee728b)  -> (artifact id: '19ef3b05967b8f90791e9e13950a4038') in 0.124265 seconds
  Import took 0.148155 seconds .

========================================================================
Received Import Request.
  Time since last request: 17.157826 seconds.
  path: Assets/Prototype/Prefabs/Projetile.prefab
  artifactKey: Guid(c64dc769ab8434449869892a711263a7) Importer(815301076,1909f56bfc062723c751e8b465ee728b)
Start importing Assets/Prototype/Prefabs/Projetile.prefab using Guid(c64dc769ab8434449869892a711263a7) Importer(815301076,1909f56bfc062723c751e8b465ee728b)  -> (artifact id: '006d558f0a805eda83e9280c6354c7a1') in 0.016334 seconds
  Import took 0.050915 seconds .

========================================================================
Received Import Request.
  Time since last request: 15.830364 seconds.
  path: Assets/Prototype/Prefabs/Projetile.prefab
  artifactKey: Guid(c64dc769ab8434449869892a711263a7) Importer(815301076,1909f56bfc062723c751e8b465ee728b)
Start importing Assets/Prototype/Prefabs/Projetile.prefab using Guid(c64dc769ab8434449869892a711263a7) Importer(815301076,1909f56bfc062723c751e8b465ee728b)  -> (artifact id: '08606b9548cc674e07c7c080c5af0dd9') in 0.020536 seconds
  Import took 0.140058 seconds .

========================================================================
Received Import Request.
  Time since last request: 8.117497 seconds.
  path: Assets/Prototype/Prefabs/Projetile.prefab
  artifactKey: Guid(c64dc769ab8434449869892a711263a7) Importer(815301076,1909f56bfc062723c751e8b465ee728b)
Start importing Assets/Prototype/Prefabs/Projetile.prefab using Guid(c64dc769ab8434449869892a711263a7) Importer(815301076,1909f56bfc062723c751e8b465ee728b)  -> (artifact id: '1f37a8ff14a90b1b2a8fab067920ef88') in 0.016328 seconds
  Import took 0.060807 seconds .

========================================================================
Received Prepare
Registering precompiled user dll's ...
Registered in 0.002322 seconds.
Begin MonoManager ReloadAssembly
Native extension for WindowsStandalone target not found
Refreshing native plugins compatible for Editor in 0.34 ms, found 0 plugins.
Preloading 0 native plugins for Editor in 0.00 ms.
Invoked RoslynAnalysisRunner static constructor.
RoslynAnalysisRunner will not be running.
RoslynAnalysisRunner has terminated.
Mono: successfully reloaded assembly
- Completed reload, in  0.705 seconds
Platform modules already initialized, skipping
Refreshing native plugins compatible for Editor in 0.40 ms, found 0 plugins.
Preloading 0 native plugins for Editor in 0.00 ms.
Unloading 1153 Unused Serialized files (Serialized files now loaded: 0)
System memory in use before: 62.7 MB.
System memory in use after: 62.8 MB.

Unloading 12 unused Assets to reduce memory usage. Loaded Objects now: 1615.
Total: 1.890500 ms (FindLiveObjects: 0.389600 ms CreateObjectMapping: 0.060700 ms MarkObjects: 1.385800 ms  DeleteObjects: 0.053200 ms)

========================================================================
Received Prepare
Registering precompiled user dll's ...
Registered in 0.002488 seconds.
Begin MonoManager ReloadAssembly
Native extension for WindowsStandalone target not found
Refreshing native plugins compatible for Editor in 0.28 ms, found 0 plugins.
Preloading 0 native plugins for Editor in 0.00 ms.
Invoked RoslynAnalysisRunner static constructor.
RoslynAnalysisRunner will not be running.
RoslynAnalysisRunner has terminated.
Mono: successfully reloaded assembly
- Completed reload, in  0.770 seconds
Platform modules already initialized, skipping
Refreshing native plugins compatible for Editor in 0.26 ms, found 0 plugins.
Preloading 0 native plugins for Editor in 0.00 ms.
Unloading 1153 Unused Serialized files (Serialized files now loaded: 0)
System memory in use before: 62.8 MB.
System memory in use after: 62.9 MB.

Unloading 12 unused Assets to reduce memory usage. Loaded Objects now: 1617.
Total: 2.567300 ms (FindLiveObjects: 0.177300 ms CreateObjectMapping: 0.098700 ms MarkObjects: 2.216400 ms  DeleteObjects: 0.073200 ms)

========================================================================
Received Prepare
Registering precompiled user dll's ...
Registered in 0.002546 seconds.
Begin MonoManager ReloadAssembly
Native extension for WindowsStandalone target not found
Refreshing native plugins compatible for Editor in 0.26 ms, found 0 plugins.
Preloading 0 native plugins for Editor in 0.00 ms.
Invoked RoslynAnalysisRunner static constructor.
RoslynAnalysisRunner will not be running.
RoslynAnalysisRunner has terminated.
Mono: successfully reloaded assembly
- Completed reload, in  0.721 seconds
Platform modules already initialized, skipping
Refreshing native plugins compatible for Editor in 0.32 ms, found 0 plugins.
Preloading 0 native plugins for Editor in 0.00 ms.
Unloading 1153 Unused Serialized files (Serialized files now loaded: 0)
System memory in use before: 63.3 MB.
System memory in use after: 63.4 MB.

Unloading 12 unused Assets to reduce memory usage. Loaded Objects now: 1619.
Total: 1.631900 ms (FindLiveObjects: 0.135200 ms CreateObjectMapping: 0.037300 ms MarkObjects: 1.402600 ms  DeleteObjects: 0.055700 ms)

========================================================================
Received Prepare
Registering precompiled user dll's ...
Registered in 0.002479 seconds.
Begin MonoManager ReloadAssembly
Native extension for WindowsStandalone target not found
Refreshing native plugins compatible for Editor in 0.26 ms, found 0 plugins.
Preloading 0 native plugins for Editor in 0.00 ms.
Invoked RoslynAnalysisRunner static constructor.
RoslynAnalysisRunner will not be running.
RoslynAnalysisRunner has terminated.
Mono: successfully reloaded assembly
- Completed reload, in  0.715 seconds
Platform modules already initialized, skipping
Refreshing native plugins compatible for Editor in 0.30 ms, found 0 plugins.
Preloading 0 native plugins for Editor in 0.00 ms.
Unloading 1153 Unused Serialized files (Serialized files now loaded: 0)
System memory in use before: 63.6 MB.
System memory in use after: 63.7 MB.

Unloading 12 unused Assets to reduce memory usage. Loaded Objects now: 1621.
Total: 24.962500 ms (FindLiveObjects: 0.325100 ms CreateObjectMapping: 0.102100 ms MarkObjects: 22.904300 ms  DeleteObjects: 1.628400 ms)

========================================================================
Received Prepare
Registering precompiled user dll's ...
Registered in 0.002448 seconds.
Begin MonoManager ReloadAssembly
Native extension for WindowsStandalone target not found
Refreshing native plugins compatible for Editor in 0.30 ms, found 0 plugins.
Preloading 0 native plugins for Editor in 0.00 ms.
Invoked RoslynAnalysisRunner static constructor.
RoslynAnalysisRunner will not be running.
RoslynAnalysisRunner has terminated.
Mono: successfully reloaded assembly
- Completed reload, in  0.718 seconds
Platform modules already initialized, skipping
Refreshing native plugins compatible for Editor in 0.30 ms, found 0 plugins.
Preloading 0 native plugins for Editor in 0.00 ms.
Unloading 1153 Unused Serialized files (Serialized files now loaded: 0)
System memory in use before: 63.8 MB.
System memory in use after: 63.9 MB.

Unloading 12 unused Assets to reduce memory usage. Loaded Objects now: 1623.
Total: 1.724200 ms (FindLiveObjects: 0.189500 ms CreateObjectMapping: 0.036900 ms MarkObjects: 1.437300 ms  DeleteObjects: 0.059300 ms)

========================================================================
Received Prepare
Registering precompiled user dll's ...
Registered in 0.002369 seconds.
Begin MonoManager ReloadAssembly
Native extension for WindowsStandalone target not found
Refreshing native plugins compatible for Editor in 0.47 ms, found 0 plugins.
Preloading 0 native plugins for Editor in 0.00 ms.
Invoked RoslynAnalysisRunner static constructor.
RoslynAnalysisRunner will not be running.
RoslynAnalysisRunner has terminated.
Mono: successfully reloaded assembly
- Completed reload, in  1.205 seconds
Platform modules already initialized, skipping
Refreshing native plugins compatible for Editor in 0.30 ms, found 0 plugins.
Preloading 0 native plugins for Editor in 0.00 ms.
Unloading 1153 Unused Serialized files (Serialized files now loaded: 0)
System memory in use before: 63.2 MB.
System memory in use after: 63.3 MB.

Unloading 12 unused Assets to reduce memory usage. Loaded Objects now: 1625.
Total: 2.493300 ms (FindLiveObjects: 0.153800 ms CreateObjectMapping: 0.046200 ms MarkObjects: 2.237400 ms  DeleteObjects: 0.054300 ms)

========================================================================
Received Import Request.
  Time since last request: 442.442029 seconds.
  path: Assets/Prototype/Prefabs/Projetile.prefab
  artifactKey: Guid(c64dc769ab8434449869892a711263a7) Importer(815301076,1909f56bfc062723c751e8b465ee728b)
Start importing Assets/Prototype/Prefabs/Projetile.prefab using Guid(c64dc769ab8434449869892a711263a7) Importer(815301076,1909f56bfc062723c751e8b465ee728b)  -> (artifact id: 'a195b85d285b61c55e5da28bae315336') in 0.076498 seconds
  Import took 0.079018 seconds .

========================================================================
Received Prepare
Registering precompiled user dll's ...
Registered in 0.002348 seconds.
Begin MonoManager ReloadAssembly
Native extension for WindowsStandalone target not found
Refreshing native plugins compatible for Editor in 0.26 ms, found 0 plugins.
Preloading 0 native plugins for Editor in 0.00 ms.
Invoked RoslynAnalysisRunner static constructor.
RoslynAnalysisRunner will not be running.
RoslynAnalysisRunner has terminated.
Mono: successfully reloaded assembly
- Completed reload, in  0.713 seconds
Platform modules already initialized, skipping
Refreshing native plugins compatible for Editor in 0.27 ms, found 0 plugins.
Preloading 0 native plugins for Editor in 0.00 ms.
Unloading 1153 Unused Serialized files (Serialized files now loaded: 0)
System memory in use before: 63.5 MB.
System memory in use after: 63.6 MB.

Unloading 12 unused Assets to reduce memory usage. Loaded Objects now: 1628.
Total: 1.752700 ms (FindLiveObjects: 0.165100 ms CreateObjectMapping: 0.044700 ms MarkObjects: 1.420600 ms  DeleteObjects: 0.121100 ms)

========================================================================
Received Prepare
Registering precompiled user dll's ...
Registered in 0.003441 seconds.
Begin MonoManager ReloadAssembly
Native extension for WindowsStandalone target not found
Refreshing native plugins compatible for Editor in 0.59 ms, found 0 plugins.
Preloading 0 native plugins for Editor in 0.00 ms.
Invoked RoslynAnalysisRunner static constructor.
RoslynAnalysisRunner will not be running.
RoslynAnalysisRunner has terminated.
Mono: successfully reloaded assembly
- Completed reload, in  0.694 seconds
Platform modules already initialized, skipping
Refreshing native plugins compatible for Editor in 0.27 ms, found 0 plugins.
Preloading 0 native plugins for Editor in 0.00 ms.
Unloading 1153 Unused Serialized files (Serialized files now loaded: 0)
System memory in use before: 63.8 MB.
System memory in use after: 63.9 MB.

Unloading 12 unused Assets to reduce memory usage. Loaded Objects now: 1630.
Total: 1.610400 ms (FindLiveObjects: 0.153200 ms CreateObjectMapping: 0.043700 ms MarkObjects: 1.354000 ms  DeleteObjects: 0.058200 ms)

AssetImportWorkerClient::OnTransportError - code=2 error=End of file
