Using pre-set license
Built from '2020.2/release' branch; Version is '2020.2.1f1 (270dd8c3da1c) revision 2559448'; Using compiler version '192528614'; Build Type 'Release'
OS: 'Windows 10  (10.0.0) 64bit' Language: 'es' Physical Memory: 8125 MB
BatchMode: 1, IsHumanControllingUs: 0, StartBugReporterOnCrash: 0, Is64bit: 1, IsPro: 0

 COMMAND LINE ARGUMENTS:
D:\Archivos de programa\Unity\Hub\Editor\2020.2.1f1\Editor\Unity.exe
-adb2
-batchMode
-noUpm
-name
AssetImportWorker0
-projectPath
D:/Escritorio/Developer/Proyectos/02 Wildlife
-logFile
Logs/AssetImportWorker0.log
-srvPort
52877
Successfully changed project path to: D:/Escritorio/Developer/Proyectos/02 Wildlife
D:/Escritorio/Developer/Proyectos/02 Wildlife
Using Asset Import Pipeline V2.
Refreshing native plugins compatible for Editor in 51.50 ms, found 0 plugins.
Preloading 0 native plugins for Editor in 0.00 ms.
Initialize engine version: 2020.2.1f1 (270dd8c3da1c)
[Subsystems] Discovering subsystems at path D:/Archivos de programa/Unity/Hub/Editor/2020.2.1f1/Editor/Data/Resources/UnitySubsystems
[Subsystems] Discovering subsystems at path D:/Escritorio/Developer/Proyectos/02 Wildlife/Assets
GfxDevice: creating device client; threaded=0
Direct3D:
    Version:  Direct3D 11.0 [level 11.1]
    Renderer: NVIDIA GeForce GTX 1650 (ID=0x1f82)
    Vendor:   
    VRAM:     3962 MB
    Driver:   27.21.14.6140
Initialize mono
Mono path[0] = 'D:/Archivos de programa/Unity/Hub/Editor/2020.2.1f1/Editor/Data/Managed'
Mono path[1] = 'D:/Archivos de programa/Unity/Hub/Editor/2020.2.1f1/Editor/Data/MonoBleedingEdge/lib/mono/unityjit'
Mono config path = 'D:/Archivos de programa/Unity/Hub/Editor/2020.2.1f1/Editor/Data/MonoBleedingEdge/etc'
Using monoOptions --debugger-agent=transport=dt_socket,embedding=1,server=y,suspend=n,address=127.0.0.1:56668
Begin MonoManager ReloadAssembly
Registering precompiled unity dll's ...
Register platform support module: D:/Archivos de programa/Unity/Hub/Editor/2020.2.1f1/Editor/Data/PlaybackEngines/WindowsStandaloneSupport/UnityEditor.WindowsStandalone.Extensions.dll
Registered in 0.000989 seconds.
Native extension for WindowsStandalone target not found
Refreshing native plugins compatible for Editor in 29.26 ms, found 0 plugins.
Preloading 0 native plugins for Editor in 0.00 ms.
Invoked RoslynAnalysisRunner static constructor.
RoslynAnalysisRunner will not be running.
RoslynAnalysisRunner has terminated.
Mono: successfully reloaded assembly
- Completed reload, in  1.314 seconds
Platform modules already initialized, skipping
Registering precompiled user dll's ...
Registered in 0.002606 seconds.
Begin MonoManager ReloadAssembly
Native extension for WindowsStandalone target not found
Refreshing native plugins compatible for Editor in 0.35 ms, found 0 plugins.
Preloading 0 native plugins for Editor in 0.00 ms.
Invoked RoslynAnalysisRunner static constructor.
RoslynAnalysisRunner will not be running.
RoslynAnalysisRunner has terminated.
Mono: successfully reloaded assembly
- Completed reload, in  1.167 seconds
Platform modules already initialized, skipping
========================================================================
Worker process is ready to serve import requests
Launched and connected shader compiler UnityShaderCompiler.exe after 0.06 seconds
Refreshing native plugins compatible for Editor in 0.29 ms, found 0 plugins.
Preloading 0 native plugins for Editor in 0.00 ms.
Unloading 1158 Unused Serialized files (Serialized files now loaded: 0)
System memory in use before: 59.0 MB.
System memory in use after: 59.1 MB.

Unloading 17 unused Assets to reduce memory usage. Loaded Objects now: 1602.
Total: 1.885800 ms (FindLiveObjects: 0.515100 ms CreateObjectMapping: 0.060700 ms MarkObjects: 1.237800 ms  DeleteObjects: 0.071200 ms)

========================================================================
Received Import Request.
  path: Assets/Prototype/_Scripts/EnemieMovement.cs
  artifactKey: Guid(1cf6625b1e697dc4495bffa87d510ebc) Importer(815301076,1909f56bfc062723c751e8b465ee728b)
Start importing Assets/Prototype/_Scripts/EnemieMovement.cs using Guid(1cf6625b1e697dc4495bffa87d510ebc) Importer(815301076,1909f56bfc062723c751e8b465ee728b)  -> (artifact id: '7151b8f683270c64a3a912202c3a8c5a') in 0.403111 seconds
  Import took 0.593549 seconds .

========================================================================
Received Import Request.
  Time since last request: 397.363464 seconds.
  path: Assets/Prototype/Prefabs/Enemie1.prefab
  artifactKey: Guid(80967ea83949e874ab1476744b3539fa) Importer(815301076,1909f56bfc062723c751e8b465ee728b)
Start importing Assets/Prototype/Prefabs/Enemie1.prefab using Guid(80967ea83949e874ab1476744b3539fa) Importer(815301076,1909f56bfc062723c751e8b465ee728b)  -> (artifact id: 'c7b4d909c03b9865af9fd04d336227d1') in 0.118554 seconds
  Import took 0.233856 seconds .

========================================================================
Received Import Request.
  Time since last request: 0.000320 seconds.
  path: Assets/Prototype/Prefabs/Enemie2 .prefab
  artifactKey: Guid(45203d07c30c99241819c46211d3aba3) Importer(815301076,1909f56bfc062723c751e8b465ee728b)
Start importing Assets/Prototype/Prefabs/Enemie2 .prefab using Guid(45203d07c30c99241819c46211d3aba3) Importer(815301076,1909f56bfc062723c751e8b465ee728b)  -> (artifact id: 'b298cc5c66de5d210b9999c7ba09ddd4') in 0.027038 seconds
  Import took 0.078410 seconds .

========================================================================
Received Import Request.
  Time since last request: 0.000208 seconds.
  path: Assets/Prototype/Prefabs/Enemie3.prefab
  artifactKey: Guid(46068eb2f99876c4aa6051ae7f5c79ae) Importer(815301076,1909f56bfc062723c751e8b465ee728b)
Start importing Assets/Prototype/Prefabs/Enemie3.prefab using Guid(46068eb2f99876c4aa6051ae7f5c79ae) Importer(815301076,1909f56bfc062723c751e8b465ee728b)  -> (artifact id: '33cdb5b1c86dea46b48ce57942c62bce') in 0.016240 seconds
  Import took 0.059599 seconds .

========================================================================
Received Prepare
Registering precompiled user dll's ...
Registered in 0.002707 seconds.
Begin MonoManager ReloadAssembly
Native extension for WindowsStandalone target not found
Refreshing native plugins compatible for Editor in 0.26 ms, found 0 plugins.
Preloading 0 native plugins for Editor in 0.00 ms.
Invoked RoslynAnalysisRunner static constructor.
RoslynAnalysisRunner will not be running.
RoslynAnalysisRunner has terminated.
Mono: successfully reloaded assembly
- Completed reload, in  0.718 seconds
Platform modules already initialized, skipping
Refreshing native plugins compatible for Editor in 0.33 ms, found 0 plugins.
Preloading 0 native plugins for Editor in 0.00 ms.
Unloading 1151 Unused Serialized files (Serialized files now loaded: 0)
System memory in use before: 62.4 MB.
System memory in use after: 62.5 MB.

Unloading 13 unused Assets to reduce memory usage. Loaded Objects now: 1611.
Total: 1.452300 ms (FindLiveObjects: 0.118300 ms CreateObjectMapping: 0.031500 ms MarkObjects: 1.250800 ms  DeleteObjects: 0.050600 ms)

========================================================================
Received Import Request.
  Time since last request: 48.978654 seconds.
  path: Assets/Prototype/_Scripts/EnemieMovement.cs
  artifactKey: Guid(1cf6625b1e697dc4495bffa87d510ebc) Importer(815301076,1909f56bfc062723c751e8b465ee728b)
Start importing Assets/Prototype/_Scripts/EnemieMovement.cs using Guid(1cf6625b1e697dc4495bffa87d510ebc) Importer(815301076,1909f56bfc062723c751e8b465ee728b)  -> (artifact id: 'b9d7407739b28417c7739ceb252a4e8b') in 0.007000 seconds
  Import took 0.072234 seconds .

========================================================================
Received Prepare
Registering precompiled user dll's ...
Registered in 0.003007 seconds.
Begin MonoManager ReloadAssembly
Native extension for WindowsStandalone target not found
Refreshing native plugins compatible for Editor in 0.29 ms, found 0 plugins.
Preloading 0 native plugins for Editor in 0.00 ms.
Invoked RoslynAnalysisRunner static constructor.
RoslynAnalysisRunner will not be running.
RoslynAnalysisRunner has terminated.
Mono: successfully reloaded assembly
- Completed reload, in  0.712 seconds
Platform modules already initialized, skipping
Refreshing native plugins compatible for Editor in 0.27 ms, found 0 plugins.
Preloading 0 native plugins for Editor in 0.00 ms.
Unloading 1152 Unused Serialized files (Serialized files now loaded: 0)
System memory in use before: 62.7 MB.
System memory in use after: 62.8 MB.

Unloading 12 unused Assets to reduce memory usage. Loaded Objects now: 1614.
Total: 1.796100 ms (FindLiveObjects: 0.120500 ms CreateObjectMapping: 0.034900 ms MarkObjects: 1.499600 ms  DeleteObjects: 0.139500 ms)

========================================================================
Received Import Request.
  Time since last request: 40.800038 seconds.
  path: Assets/Prototype/_Scripts/EnemieMovement.cs
  artifactKey: Guid(1cf6625b1e697dc4495bffa87d510ebc) Importer(815301076,1909f56bfc062723c751e8b465ee728b)
Start importing Assets/Prototype/_Scripts/EnemieMovement.cs using Guid(1cf6625b1e697dc4495bffa87d510ebc) Importer(815301076,1909f56bfc062723c751e8b465ee728b)  -> (artifact id: 'd3ae26adc7f74a73f0ed5a54a44af709') in 0.003933 seconds
  Import took 0.113068 seconds .

========================================================================
Received Import Request.
  Time since last request: 8.117955 seconds.
  path: Assets/Prototype/Prefabs/Enemie1.prefab
  artifactKey: Guid(80967ea83949e874ab1476744b3539fa) Importer(815301076,1909f56bfc062723c751e8b465ee728b)
Start importing Assets/Prototype/Prefabs/Enemie1.prefab using Guid(80967ea83949e874ab1476744b3539fa) Importer(815301076,1909f56bfc062723c751e8b465ee728b)  -> (artifact id: '1c3d0e473dc53e0f5f87eb21ae351f1c') in 0.077791 seconds
  Import took 0.118814 seconds .

========================================================================
Received Import Request.
  Time since last request: 0.000259 seconds.
  path: Assets/Prototype/Prefabs/Enemie2 .prefab
  artifactKey: Guid(45203d07c30c99241819c46211d3aba3) Importer(815301076,1909f56bfc062723c751e8b465ee728b)
Start importing Assets/Prototype/Prefabs/Enemie2 .prefab using Guid(45203d07c30c99241819c46211d3aba3) Importer(815301076,1909f56bfc062723c751e8b465ee728b)  -> (artifact id: 'f2924ffc9542bfcd5a70e9f721fd8852') in 0.020500 seconds
  Import took 0.022809 seconds .

========================================================================
Received Import Request.
  Time since last request: 0.000216 seconds.
  path: Assets/Prototype/Prefabs/Enemie3.prefab
  artifactKey: Guid(46068eb2f99876c4aa6051ae7f5c79ae) Importer(815301076,1909f56bfc062723c751e8b465ee728b)
Start importing Assets/Prototype/Prefabs/Enemie3.prefab using Guid(46068eb2f99876c4aa6051ae7f5c79ae) Importer(815301076,1909f56bfc062723c751e8b465ee728b)  -> (artifact id: '5573aea2b1ec562fd543d5dbebc63fb9') in 0.017718 seconds
  Import took 0.242070 seconds .

========================================================================
Received Prepare
Registering precompiled user dll's ...
Registered in 0.003465 seconds.
Begin MonoManager ReloadAssembly
Native extension for WindowsStandalone target not found
Refreshing native plugins compatible for Editor in 0.61 ms, found 0 plugins.
Preloading 0 native plugins for Editor in 0.00 ms.
Invoked RoslynAnalysisRunner static constructor.
RoslynAnalysisRunner will not be running.
RoslynAnalysisRunner has terminated.
Mono: successfully reloaded assembly
- Completed reload, in  1.252 seconds
Platform modules already initialized, skipping
Refreshing native plugins compatible for Editor in 1.63 ms, found 0 plugins.
Preloading 0 native plugins for Editor in 0.00 ms.
Unloading 1152 Unused Serialized files (Serialized files now loaded: 0)
System memory in use before: 62.8 MB.
System memory in use after: 62.9 MB.

Unloading 12 unused Assets to reduce memory usage. Loaded Objects now: 1617.
Total: 2.149000 ms (FindLiveObjects: 0.149100 ms CreateObjectMapping: 0.040500 ms MarkObjects: 1.860500 ms  DeleteObjects: 0.097100 ms)

========================================================================
Received Import Request.
  Time since last request: 414.821334 seconds.
  path: Assets/Prototype/Prefabs/Enemie1.prefab
  artifactKey: Guid(80967ea83949e874ab1476744b3539fa) Importer(815301076,1909f56bfc062723c751e8b465ee728b)
Start importing Assets/Prototype/Prefabs/Enemie1.prefab using Guid(80967ea83949e874ab1476744b3539fa) Importer(815301076,1909f56bfc062723c751e8b465ee728b)  -> (artifact id: 'bb3c0885e1743bb5eeb6d147d3e7a731') in 0.079692 seconds
  Import took 0.083881 seconds .

========================================================================
Received Import Request.
  Time since last request: 2.647077 seconds.
  path: Assets/Prototype/Prefabs/Enemie2 .prefab
  artifactKey: Guid(45203d07c30c99241819c46211d3aba3) Importer(815301076,1909f56bfc062723c751e8b465ee728b)
Start importing Assets/Prototype/Prefabs/Enemie2 .prefab using Guid(45203d07c30c99241819c46211d3aba3) Importer(815301076,1909f56bfc062723c751e8b465ee728b)  -> (artifact id: 'abbe87ab4e06f85ffc1e47e79dfcc67a') in 0.018070 seconds
  Import took 0.062497 seconds .

========================================================================
Received Import Request.
  Time since last request: 0.000494 seconds.
  path: Assets/Prototype/Prefabs/Enemie3.prefab
  artifactKey: Guid(46068eb2f99876c4aa6051ae7f5c79ae) Importer(815301076,1909f56bfc062723c751e8b465ee728b)
Start importing Assets/Prototype/Prefabs/Enemie3.prefab using Guid(46068eb2f99876c4aa6051ae7f5c79ae) Importer(815301076,1909f56bfc062723c751e8b465ee728b)  -> (artifact id: 'da4c9c9348f43ddb16cad450a9ce2194') in 0.023834 seconds
  Import took 0.028168 seconds .

========================================================================
Received Prepare
Registering precompiled user dll's ...
Registered in 0.003015 seconds.
Begin MonoManager ReloadAssembly
Native extension for WindowsStandalone target not found
Refreshing native plugins compatible for Editor in 0.28 ms, found 0 plugins.
Preloading 0 native plugins for Editor in 0.00 ms.
Invoked RoslynAnalysisRunner static constructor.
RoslynAnalysisRunner will not be running.
RoslynAnalysisRunner has terminated.
Mono: successfully reloaded assembly
- Completed reload, in  0.712 seconds
Platform modules already initialized, skipping
Refreshing native plugins compatible for Editor in 0.29 ms, found 0 plugins.
Preloading 0 native plugins for Editor in 0.00 ms.
Unloading 1152 Unused Serialized files (Serialized files now loaded: 0)
System memory in use before: 63.4 MB.
System memory in use after: 63.4 MB.

Unloading 12 unused Assets to reduce memory usage. Loaded Objects now: 1620.
Total: 1.511200 ms (FindLiveObjects: 0.126300 ms CreateObjectMapping: 0.034800 ms MarkObjects: 1.296000 ms  DeleteObjects: 0.052800 ms)

========================================================================
Received Prepare
Registering precompiled user dll's ...
Registered in 0.002408 seconds.
Begin MonoManager ReloadAssembly
Native extension for WindowsStandalone target not found
Refreshing native plugins compatible for Editor in 0.30 ms, found 0 plugins.
Preloading 0 native plugins for Editor in 0.00 ms.
Invoked RoslynAnalysisRunner static constructor.
RoslynAnalysisRunner will not be running.
RoslynAnalysisRunner has terminated.
Mono: successfully reloaded assembly
- Completed reload, in  0.687 seconds
Platform modules already initialized, skipping
Refreshing native plugins compatible for Editor in 0.29 ms, found 0 plugins.
Preloading 0 native plugins for Editor in 0.00 ms.
Unloading 1152 Unused Serialized files (Serialized files now loaded: 0)
System memory in use before: 63.7 MB.
System memory in use after: 63.7 MB.

Unloading 12 unused Assets to reduce memory usage. Loaded Objects now: 1622.
Total: 2.221200 ms (FindLiveObjects: 0.169200 ms CreateObjectMapping: 0.047100 ms MarkObjects: 1.937700 ms  DeleteObjects: 0.065500 ms)

========================================================================
Received Prepare
Registering precompiled user dll's ...
Registered in 0.002505 seconds.
Begin MonoManager ReloadAssembly
Native extension for WindowsStandalone target not found
Refreshing native plugins compatible for Editor in 0.28 ms, found 0 plugins.
Preloading 0 native plugins for Editor in 0.00 ms.
Invoked RoslynAnalysisRunner static constructor.
RoslynAnalysisRunner will not be running.
RoslynAnalysisRunner has terminated.
Mono: successfully reloaded assembly
- Completed reload, in  0.863 seconds
Platform modules already initialized, skipping
Refreshing native plugins compatible for Editor in 0.38 ms, found 0 plugins.
Preloading 0 native plugins for Editor in 0.00 ms.
Unloading 1152 Unused Serialized files (Serialized files now loaded: 0)
System memory in use before: 63.9 MB.
System memory in use after: 64.0 MB.

Unloading 12 unused Assets to reduce memory usage. Loaded Objects now: 1624.
Total: 1.902400 ms (FindLiveObjects: 0.146300 ms CreateObjectMapping: 0.037400 ms MarkObjects: 1.649500 ms  DeleteObjects: 0.068200 ms)

========================================================================
Received Prepare
Registering precompiled user dll's ...
Registered in 0.002483 seconds.
Begin MonoManager ReloadAssembly
Native extension for WindowsStandalone target not found
Refreshing native plugins compatible for Editor in 0.26 ms, found 0 plugins.
Preloading 0 native plugins for Editor in 0.00 ms.
Invoked RoslynAnalysisRunner static constructor.
RoslynAnalysisRunner will not be running.
RoslynAnalysisRunner has terminated.
Mono: successfully reloaded assembly
- Completed reload, in  0.727 seconds
Platform modules already initialized, skipping
Refreshing native plugins compatible for Editor in 0.26 ms, found 0 plugins.
Preloading 0 native plugins for Editor in 0.00 ms.
Unloading 1152 Unused Serialized files (Serialized files now loaded: 0)
System memory in use before: 63.3 MB.
System memory in use after: 63.4 MB.

Unloading 12 unused Assets to reduce memory usage. Loaded Objects now: 1626.
Total: 1.792000 ms (FindLiveObjects: 0.141100 ms CreateObjectMapping: 0.040700 ms MarkObjects: 1.545400 ms  DeleteObjects: 0.063500 ms)

========================================================================
Received Prepare
Registering precompiled user dll's ...
Registered in 0.002665 seconds.
Begin MonoManager ReloadAssembly
Native extension for WindowsStandalone target not found
Refreshing native plugins compatible for Editor in 0.31 ms, found 0 plugins.
Preloading 0 native plugins for Editor in 0.00 ms.
Invoked RoslynAnalysisRunner static constructor.
RoslynAnalysisRunner will not be running.
RoslynAnalysisRunner has terminated.
Mono: successfully reloaded assembly
- Completed reload, in  0.704 seconds
Platform modules already initialized, skipping
Refreshing native plugins compatible for Editor in 0.88 ms, found 0 plugins.
Preloading 0 native plugins for Editor in 0.00 ms.
Unloading 1152 Unused Serialized files (Serialized files now loaded: 0)
System memory in use before: 63.6 MB.
System memory in use after: 63.7 MB.

Unloading 12 unused Assets to reduce memory usage. Loaded Objects now: 1628.
Total: 6.873700 ms (FindLiveObjects: 4.806500 ms CreateObjectMapping: 0.152600 ms MarkObjects: 1.844300 ms  DeleteObjects: 0.068100 ms)

========================================================================
Received Prepare
Registering precompiled user dll's ...
Registered in 0.002704 seconds.
Begin MonoManager ReloadAssembly
Native extension for WindowsStandalone target not found
Refreshing native plugins compatible for Editor in 0.30 ms, found 0 plugins.
Preloading 0 native plugins for Editor in 0.00 ms.
Invoked RoslynAnalysisRunner static constructor.
RoslynAnalysisRunner will not be running.
RoslynAnalysisRunner has terminated.
Mono: successfully reloaded assembly
- Completed reload, in  0.851 seconds
Platform modules already initialized, skipping
Refreshing native plugins compatible for Editor in 0.32 ms, found 0 plugins.
Preloading 0 native plugins for Editor in 0.00 ms.
Unloading 1152 Unused Serialized files (Serialized files now loaded: 0)
System memory in use before: 63.9 MB.
System memory in use after: 64.0 MB.

Unloading 12 unused Assets to reduce memory usage. Loaded Objects now: 1630.
Total: 2.750300 ms (FindLiveObjects: 0.202900 ms CreateObjectMapping: 0.053600 ms MarkObjects: 2.428500 ms  DeleteObjects: 0.062900 ms)

========================================================================
Received Prepare
Registering precompiled user dll's ...
Registered in 0.002512 seconds.
Begin MonoManager ReloadAssembly
Native extension for WindowsStandalone target not found
Refreshing native plugins compatible for Editor in 0.44 ms, found 0 plugins.
Preloading 0 native plugins for Editor in 0.00 ms.
Invoked RoslynAnalysisRunner static constructor.
RoslynAnalysisRunner will not be running.
RoslynAnalysisRunner has terminated.
Mono: successfully reloaded assembly
- Completed reload, in  0.793 seconds
Platform modules already initialized, skipping
Refreshing native plugins compatible for Editor in 0.40 ms, found 0 plugins.
Preloading 0 native plugins for Editor in 0.00 ms.
Unloading 1152 Unused Serialized files (Serialized files now loaded: 0)
System memory in use before: 63.9 MB.
System memory in use after: 64.0 MB.

Unloading 12 unused Assets to reduce memory usage. Loaded Objects now: 1632.
Total: 2.645200 ms (FindLiveObjects: 0.140100 ms CreateObjectMapping: 0.038000 ms MarkObjects: 2.398900 ms  DeleteObjects: 0.067000 ms)

========================================================================
Received Prepare
Registering precompiled user dll's ...
Registered in 0.002536 seconds.
Begin MonoManager ReloadAssembly
Native extension for WindowsStandalone target not found
Refreshing native plugins compatible for Editor in 0.30 ms, found 0 plugins.
Preloading 0 native plugins for Editor in 0.00 ms.
Invoked RoslynAnalysisRunner static constructor.
RoslynAnalysisRunner will not be running.
RoslynAnalysisRunner has terminated.
Mono: successfully reloaded assembly
- Completed reload, in  0.728 seconds
Platform modules already initialized, skipping
Refreshing native plugins compatible for Editor in 0.31 ms, found 0 plugins.
Preloading 0 native plugins for Editor in 0.00 ms.
Unloading 1152 Unused Serialized files (Serialized files now loaded: 0)
System memory in use before: 63.5 MB.
System memory in use after: 63.6 MB.

Unloading 12 unused Assets to reduce memory usage. Loaded Objects now: 1634.
Total: 1.722200 ms (FindLiveObjects: 0.182600 ms CreateObjectMapping: 0.056900 ms MarkObjects: 1.410100 ms  DeleteObjects: 0.071400 ms)

========================================================================
Received Prepare
Registering precompiled user dll's ...
Registered in 0.002889 seconds.
Begin MonoManager ReloadAssembly
Native extension for WindowsStandalone target not found
Refreshing native plugins compatible for Editor in 0.36 ms, found 0 plugins.
Preloading 0 native plugins for Editor in 0.00 ms.
Invoked RoslynAnalysisRunner static constructor.
RoslynAnalysisRunner will not be running.
RoslynAnalysisRunner has terminated.
Mono: successfully reloaded assembly
- Completed reload, in  0.830 seconds
Platform modules already initialized, skipping
Refreshing native plugins compatible for Editor in 0.28 ms, found 0 plugins.
Preloading 0 native plugins for Editor in 0.00 ms.
Unloading 1152 Unused Serialized files (Serialized files now loaded: 0)
System memory in use before: 63.8 MB.
System memory in use after: 63.9 MB.

Unloading 12 unused Assets to reduce memory usage. Loaded Objects now: 1636.
Total: 3.128400 ms (FindLiveObjects: 0.234500 ms CreateObjectMapping: 0.136900 ms MarkObjects: 2.661400 ms  DeleteObjects: 0.092900 ms)

========================================================================
Received Prepare
Registering precompiled user dll's ...
Registered in 0.002693 seconds.
Begin MonoManager ReloadAssembly
Native extension for WindowsStandalone target not found
Refreshing native plugins compatible for Editor in 0.31 ms, found 0 plugins.
Preloading 0 native plugins for Editor in 0.00 ms.
Invoked RoslynAnalysisRunner static constructor.
RoslynAnalysisRunner will not be running.
RoslynAnalysisRunner has terminated.
Mono: successfully reloaded assembly
- Completed reload, in  0.797 seconds
Platform modules already initialized, skipping
Refreshing native plugins compatible for Editor in 0.31 ms, found 0 plugins.
Preloading 0 native plugins for Editor in 0.00 ms.
Unloading 1152 Unused Serialized files (Serialized files now loaded: 0)
System memory in use before: 64.0 MB.
System memory in use after: 64.0 MB.

Unloading 12 unused Assets to reduce memory usage. Loaded Objects now: 1638.
Total: 6.254900 ms (FindLiveObjects: 0.386100 ms CreateObjectMapping: 0.200600 ms MarkObjects: 5.522100 ms  DeleteObjects: 0.142100 ms)

========================================================================
Received Prepare
Registering precompiled user dll's ...
Registered in 0.003338 seconds.
Begin MonoManager ReloadAssembly
Native extension for WindowsStandalone target not found
Refreshing native plugins compatible for Editor in 0.33 ms, found 0 plugins.
Preloading 0 native plugins for Editor in 0.00 ms.
Invoked RoslynAnalysisRunner static constructor.
RoslynAnalysisRunner will not be running.
RoslynAnalysisRunner has terminated.
Mono: successfully reloaded assembly
- Completed reload, in  1.133 seconds
Platform modules already initialized, skipping
Refreshing native plugins compatible for Editor in 0.31 ms, found 0 plugins.
Preloading 0 native plugins for Editor in 0.00 ms.
Unloading 1152 Unused Serialized files (Serialized files now loaded: 0)
System memory in use before: 63.5 MB.
System memory in use after: 63.5 MB.

Unloading 12 unused Assets to reduce memory usage. Loaded Objects now: 1640.
Total: 3.714600 ms (FindLiveObjects: 0.257400 ms CreateObjectMapping: 0.067400 ms MarkObjects: 3.330100 ms  DeleteObjects: 0.058500 ms)

========================================================================
Received Prepare
Registering precompiled user dll's ...
Registered in 0.004925 seconds.
Begin MonoManager ReloadAssembly
Native extension for WindowsStandalone target not found
Refreshing native plugins compatible for Editor in 0.26 ms, found 0 plugins.
Preloading 0 native plugins for Editor in 0.00 ms.
Invoked RoslynAnalysisRunner static constructor.
RoslynAnalysisRunner will not be running.
RoslynAnalysisRunner has terminated.
Mono: successfully reloaded assembly
- Completed reload, in  0.847 seconds
Platform modules already initialized, skipping
Refreshing native plugins compatible for Editor in 0.26 ms, found 0 plugins.
Preloading 0 native plugins for Editor in 0.00 ms.
Unloading 1153 Unused Serialized files (Serialized files now loaded: 0)
System memory in use before: 63.8 MB.
System memory in use after: 63.9 MB.

Unloading 12 unused Assets to reduce memory usage. Loaded Objects now: 1643.
Total: 1.595200 ms (FindLiveObjects: 0.146600 ms CreateObjectMapping: 0.040300 ms MarkObjects: 1.346300 ms  DeleteObjects: 0.060800 ms)

========================================================================
Received Import Request.
  Time since last request: 10254.809760 seconds.
  path: Assets/Prototype/_Scripts/NewBehaviourScript.cs
  artifactKey: Guid(64be71f02fe5bf9459f04131b7cfbe58) Importer(815301076,1909f56bfc062723c751e8b465ee728b)
Start importing Assets/Prototype/_Scripts/NewBehaviourScript.cs using Guid(64be71f02fe5bf9459f04131b7cfbe58) Importer(815301076,1909f56bfc062723c751e8b465ee728b)  -> (artifact id: '5f1e61fd37e51d8caf6089d6dcc1622d') in 0.009194 seconds
  Import took 0.252622 seconds .

========================================================================
Received Prepare
Registering precompiled user dll's ...
Registered in 0.002451 seconds.
Begin MonoManager ReloadAssembly
Native extension for WindowsStandalone target not found
Refreshing native plugins compatible for Editor in 0.27 ms, found 0 plugins.
Preloading 0 native plugins for Editor in 0.00 ms.
Invoked RoslynAnalysisRunner static constructor.
RoslynAnalysisRunner will not be running.
RoslynAnalysisRunner has terminated.
Mono: successfully reloaded assembly
- Completed reload, in  0.762 seconds
Platform modules already initialized, skipping
Refreshing native plugins compatible for Editor in 0.26 ms, found 0 plugins.
Preloading 0 native plugins for Editor in 0.00 ms.
Unloading 1152 Unused Serialized files (Serialized files now loaded: 0)
System memory in use before: 64.0 MB.
System memory in use after: 64.1 MB.

Unloading 13 unused Assets to reduce memory usage. Loaded Objects now: 1644.
Total: 2.717100 ms (FindLiveObjects: 0.200200 ms CreateObjectMapping: 0.063000 ms MarkObjects: 2.359900 ms  DeleteObjects: 0.091900 ms)

========================================================================
Received Import Request.
  Time since last request: 23.356844 seconds.
  path: Assets/Prototype/_Scripts/PlayerCtrl.cs
  artifactKey: Guid(cedfa80e1cfaabc4fa39952f14fe1486) Importer(815301076,1909f56bfc062723c751e8b465ee728b)
Start importing Assets/Prototype/_Scripts/PlayerCtrl.cs using Guid(cedfa80e1cfaabc4fa39952f14fe1486) Importer(815301076,1909f56bfc062723c751e8b465ee728b)  -> (artifact id: '8cae5d7586a7413e75ad4acb4424f3c3') in 0.008532 seconds
  Import took 0.023416 seconds .

========================================================================
Received Import Request.
  Time since last request: 0.009684 seconds.
  path: Assets/Prototype/_Scripts/PlayerCtrl.cs
  artifactKey: Guid(cedfa80e1cfaabc4fa39952f14fe1486) Importer(815301076,1909f56bfc062723c751e8b465ee728b)
Start importing Assets/Prototype/_Scripts/PlayerCtrl.cs using Guid(cedfa80e1cfaabc4fa39952f14fe1486) Importer(815301076,1909f56bfc062723c751e8b465ee728b)  -> (artifact id: '8cae5d7586a7413e75ad4acb4424f3c3') in 0.003996 seconds
  Import took 0.006317 seconds .

========================================================================
Received Import Request.
  Time since last request: 4.015492 seconds.
  path: Assets/Prototype/_Scripts/DetectCollision.cs
  artifactKey: Guid(ace1f656f714a374392128bad91d87ca) Importer(815301076,1909f56bfc062723c751e8b465ee728b)
Start importing Assets/Prototype/_Scripts/DetectCollision.cs using Guid(ace1f656f714a374392128bad91d87ca) Importer(815301076,1909f56bfc062723c751e8b465ee728b)  -> (artifact id: '245bc247c541e99726fea925b1c80513') in 0.013031 seconds
  Import took 0.101561 seconds .

========================================================================
Received Import Request.
  Time since last request: 1.688313 seconds.
  path: Assets/Prototype/_Scripts/EnemieGenerator.cs
  artifactKey: Guid(883315b8f666ae5458fbf70ee0e2cc2d) Importer(815301076,1909f56bfc062723c751e8b465ee728b)
Start importing Assets/Prototype/_Scripts/EnemieGenerator.cs using Guid(883315b8f666ae5458fbf70ee0e2cc2d) Importer(815301076,1909f56bfc062723c751e8b465ee728b)  -> (artifact id: '5fd27b64ee2bbf9d1dc67d3ad6bf7f70') in 0.010165 seconds
  Import took 0.013048 seconds .

========================================================================
Received Import Request.
  Time since last request: 1.451010 seconds.
  path: Assets/Prototype/_Scripts/EnemieMovement.cs
  artifactKey: Guid(1cf6625b1e697dc4495bffa87d510ebc) Importer(815301076,1909f56bfc062723c751e8b465ee728b)
Start importing Assets/Prototype/_Scripts/EnemieMovement.cs using Guid(1cf6625b1e697dc4495bffa87d510ebc) Importer(815301076,1909f56bfc062723c751e8b465ee728b)  -> (artifact id: 'aa6b4620c5a5aca6d5a706c02c2809e1') in 0.003748 seconds
  Import took 0.017305 seconds .

========================================================================
Received Import Request.
  Time since last request: 0.001739 seconds.
  path: Assets/Prototype/_Scripts/EnemieMovement.cs
  artifactKey: Guid(1cf6625b1e697dc4495bffa87d510ebc) Importer(815301076,1909f56bfc062723c751e8b465ee728b)
Start importing Assets/Prototype/_Scripts/EnemieMovement.cs using Guid(1cf6625b1e697dc4495bffa87d510ebc) Importer(815301076,1909f56bfc062723c751e8b465ee728b)  -> (artifact id: 'aa6b4620c5a5aca6d5a706c02c2809e1') in 0.003579 seconds
  Import took 0.006535 seconds .

========================================================================
Received Import Request.
  Time since last request: 4.469972 seconds.
  path: Assets/Prototype/_Scripts/ItemGenerator.cs
  artifactKey: Guid(c376c9aa7971d3d49b2fdcf1425b6562) Importer(815301076,1909f56bfc062723c751e8b465ee728b)
Start importing Assets/Prototype/_Scripts/ItemGenerator.cs using Guid(c376c9aa7971d3d49b2fdcf1425b6562) Importer(815301076,1909f56bfc062723c751e8b465ee728b)  -> (artifact id: 'e45d08e69481ad208d9a1735faa4e73d') in 0.010287 seconds
  Import took 0.087110 seconds .

========================================================================
Received Import Request.
  Time since last request: 12.276725 seconds.
  path: Assets/Prototype/_Scripts/FollowPlayer.cs
  artifactKey: Guid(5eca1470a63ca954e9358660fdf40000) Importer(815301076,1909f56bfc062723c751e8b465ee728b)
Start importing Assets/Prototype/_Scripts/FollowPlayer.cs using Guid(5eca1470a63ca954e9358660fdf40000) Importer(815301076,1909f56bfc062723c751e8b465ee728b)  -> (artifact id: '7b7fbac481b1c6f2c53aa21868175149') in 0.011028 seconds
  Import took 0.013161 seconds .

========================================================================
Received Prepare
Registering precompiled user dll's ...
Registered in 0.002433 seconds.
Begin MonoManager ReloadAssembly
Native extension for WindowsStandalone target not found
Refreshing native plugins compatible for Editor in 0.27 ms, found 0 plugins.
Preloading 0 native plugins for Editor in 0.00 ms.
Invoked RoslynAnalysisRunner static constructor.
RoslynAnalysisRunner will not be running.
RoslynAnalysisRunner has terminated.
Mono: successfully reloaded assembly
- Completed reload, in  0.688 seconds
Platform modules already initialized, skipping
Refreshing native plugins compatible for Editor in 0.26 ms, found 0 plugins.
Preloading 0 native plugins for Editor in 0.00 ms.
Unloading 1153 Unused Serialized files (Serialized files now loaded: 0)
System memory in use before: 63.4 MB.
System memory in use after: 63.5 MB.

Unloading 12 unused Assets to reduce memory usage. Loaded Objects now: 1647.
Total: 1.799900 ms (FindLiveObjects: 0.142400 ms CreateObjectMapping: 0.040900 ms MarkObjects: 1.553000 ms  DeleteObjects: 0.062600 ms)

========================================================================
Received Prepare
Registering precompiled user dll's ...
Registered in 0.002867 seconds.
Begin MonoManager ReloadAssembly
Native extension for WindowsStandalone target not found
Refreshing native plugins compatible for Editor in 0.26 ms, found 0 plugins.
Preloading 0 native plugins for Editor in 0.00 ms.
Invoked RoslynAnalysisRunner static constructor.
RoslynAnalysisRunner will not be running.
RoslynAnalysisRunner has terminated.
Mono: successfully reloaded assembly
- Completed reload, in  0.710 seconds
Platform modules already initialized, skipping
Refreshing native plugins compatible for Editor in 0.26 ms, found 0 plugins.
Preloading 0 native plugins for Editor in 0.00 ms.
Unloading 1153 Unused Serialized files (Serialized files now loaded: 0)
System memory in use before: 63.7 MB.
System memory in use after: 63.8 MB.

Unloading 12 unused Assets to reduce memory usage. Loaded Objects now: 1649.
Total: 5.672400 ms (FindLiveObjects: 0.471500 ms CreateObjectMapping: 0.153000 ms MarkObjects: 4.859400 ms  DeleteObjects: 0.184700 ms)

========================================================================
Received Prepare
Registering precompiled user dll's ...
Registered in 0.002733 seconds.
Begin MonoManager ReloadAssembly
Native extension for WindowsStandalone target not found
Refreshing native plugins compatible for Editor in 0.28 ms, found 0 plugins.
Preloading 0 native plugins for Editor in 0.00 ms.
Invoked RoslynAnalysisRunner static constructor.
RoslynAnalysisRunner will not be running.
RoslynAnalysisRunner has terminated.
Mono: successfully reloaded assembly
- Completed reload, in  0.682 seconds
Platform modules already initialized, skipping
Refreshing native plugins compatible for Editor in 0.29 ms, found 0 plugins.
Preloading 0 native plugins for Editor in 0.00 ms.
Unloading 1153 Unused Serialized files (Serialized files now loaded: 0)
System memory in use before: 64.0 MB.
System memory in use after: 64.1 MB.

Unloading 12 unused Assets to reduce memory usage. Loaded Objects now: 1651.
Total: 1.778700 ms (FindLiveObjects: 0.149200 ms CreateObjectMapping: 0.044700 ms MarkObjects: 1.497900 ms  DeleteObjects: 0.085400 ms)

========================================================================
Received Prepare
Registering precompiled user dll's ...
Registered in 0.003232 seconds.
Begin MonoManager ReloadAssembly
Native extension for WindowsStandalone target not found
Refreshing native plugins compatible for Editor in 0.38 ms, found 0 plugins.
Preloading 0 native plugins for Editor in 0.00 ms.
Invoked RoslynAnalysisRunner static constructor.
RoslynAnalysisRunner will not be running.
RoslynAnalysisRunner has terminated.
Mono: successfully reloaded assembly
- Completed reload, in  0.696 seconds
Platform modules already initialized, skipping
Refreshing native plugins compatible for Editor in 0.26 ms, found 0 plugins.
Preloading 0 native plugins for Editor in 0.00 ms.
Unloading 1153 Unused Serialized files (Serialized files now loaded: 0)
System memory in use before: 64.1 MB.
System memory in use after: 64.1 MB.

Unloading 12 unused Assets to reduce memory usage. Loaded Objects now: 1653.
Total: 2.281200 ms (FindLiveObjects: 0.145600 ms CreateObjectMapping: 0.045900 ms MarkObjects: 2.010500 ms  DeleteObjects: 0.077700 ms)

========================================================================
Received Prepare
Registering precompiled user dll's ...
Registered in 0.002392 seconds.
Begin MonoManager ReloadAssembly
Native extension for WindowsStandalone target not found
Refreshing native plugins compatible for Editor in 0.26 ms, found 0 plugins.
Preloading 0 native plugins for Editor in 0.00 ms.
Invoked RoslynAnalysisRunner static constructor.
RoslynAnalysisRunner will not be running.
RoslynAnalysisRunner has terminated.
Mono: successfully reloaded assembly
- Completed reload, in  0.680 seconds
Platform modules already initialized, skipping
Refreshing native plugins compatible for Editor in 0.28 ms, found 0 plugins.
Preloading 0 native plugins for Editor in 0.00 ms.
Unloading 1153 Unused Serialized files (Serialized files now loaded: 0)
System memory in use before: 63.6 MB.
System memory in use after: 63.7 MB.

Unloading 12 unused Assets to reduce memory usage. Loaded Objects now: 1655.
Total: 1.569100 ms (FindLiveObjects: 0.193000 ms CreateObjectMapping: 0.043800 ms MarkObjects: 1.271400 ms  DeleteObjects: 0.059200 ms)

========================================================================
Received Prepare
Registering precompiled user dll's ...
Registered in 0.002484 seconds.
Begin MonoManager ReloadAssembly
Native extension for WindowsStandalone target not found
Refreshing native plugins compatible for Editor in 0.26 ms, found 0 plugins.
Preloading 0 native plugins for Editor in 0.00 ms.
Invoked RoslynAnalysisRunner static constructor.
RoslynAnalysisRunner will not be running.
RoslynAnalysisRunner has terminated.
Mono: successfully reloaded assembly
- Completed reload, in  0.725 seconds
Platform modules already initialized, skipping
Refreshing native plugins compatible for Editor in 0.29 ms, found 0 plugins.
Preloading 0 native plugins for Editor in 0.00 ms.
Unloading 1153 Unused Serialized files (Serialized files now loaded: 0)
System memory in use before: 63.9 MB.
System memory in use after: 64.0 MB.

Unloading 12 unused Assets to reduce memory usage. Loaded Objects now: 1657.
Total: 1.631900 ms (FindLiveObjects: 0.157300 ms CreateObjectMapping: 0.053300 ms MarkObjects: 1.359700 ms  DeleteObjects: 0.060400 ms)

========================================================================
Received Prepare
Registering precompiled user dll's ...
Registered in 0.002338 seconds.
Begin MonoManager ReloadAssembly
Native extension for WindowsStandalone target not found
Refreshing native plugins compatible for Editor in 0.29 ms, found 0 plugins.
Preloading 0 native plugins for Editor in 0.00 ms.
Invoked RoslynAnalysisRunner static constructor.
RoslynAnalysisRunner will not be running.
RoslynAnalysisRunner has terminated.
Mono: successfully reloaded assembly
- Completed reload, in  0.704 seconds
Platform modules already initialized, skipping
Refreshing native plugins compatible for Editor in 0.27 ms, found 0 plugins.
Preloading 0 native plugins for Editor in 0.00 ms.
Unloading 1153 Unused Serialized files (Serialized files now loaded: 0)
System memory in use before: 64.1 MB.
System memory in use after: 64.1 MB.

Unloading 12 unused Assets to reduce memory usage. Loaded Objects now: 1659.
Total: 1.464600 ms (FindLiveObjects: 0.139000 ms CreateObjectMapping: 0.035900 ms MarkObjects: 1.223000 ms  DeleteObjects: 0.065500 ms)

========================================================================
Received Prepare
Registering precompiled user dll's ...
Registered in 0.002509 seconds.
Begin MonoManager ReloadAssembly
Native extension for WindowsStandalone target not found
Refreshing native plugins compatible for Editor in 0.28 ms, found 0 plugins.
Preloading 0 native plugins for Editor in 0.00 ms.
Invoked RoslynAnalysisRunner static constructor.
RoslynAnalysisRunner will not be running.
RoslynAnalysisRunner has terminated.
Mono: successfully reloaded assembly
- Completed reload, in  0.695 seconds
Platform modules already initialized, skipping
Refreshing native plugins compatible for Editor in 0.29 ms, found 0 plugins.
Preloading 0 native plugins for Editor in 0.00 ms.
Unloading 1153 Unused Serialized files (Serialized files now loaded: 0)
System memory in use before: 63.6 MB.
System memory in use after: 63.6 MB.

Unloading 12 unused Assets to reduce memory usage. Loaded Objects now: 1661.
Total: 1.471500 ms (FindLiveObjects: 0.144600 ms CreateObjectMapping: 0.038800 ms MarkObjects: 1.229900 ms  DeleteObjects: 0.057000 ms)

========================================================================
Received Prepare
Registering precompiled user dll's ...
Registered in 0.002520 seconds.
Begin MonoManager ReloadAssembly
Native extension for WindowsStandalone target not found
Refreshing native plugins compatible for Editor in 0.30 ms, found 0 plugins.
Preloading 0 native plugins for Editor in 0.00 ms.
Invoked RoslynAnalysisRunner static constructor.
RoslynAnalysisRunner will not be running.
RoslynAnalysisRunner has terminated.
Mono: successfully reloaded assembly
- Completed reload, in  0.680 seconds
Platform modules already initialized, skipping
Refreshing native plugins compatible for Editor in 0.28 ms, found 0 plugins.
Preloading 0 native plugins for Editor in 0.00 ms.
Unloading 1153 Unused Serialized files (Serialized files now loaded: 0)
System memory in use before: 63.9 MB.
System memory in use after: 64.0 MB.

Unloading 12 unused Assets to reduce memory usage. Loaded Objects now: 1663.
Total: 2.347200 ms (FindLiveObjects: 0.170600 ms CreateObjectMapping: 0.038100 ms MarkObjects: 2.075300 ms  DeleteObjects: 0.061700 ms)

========================================================================
Received Prepare
Registering precompiled user dll's ...
Registered in 0.002477 seconds.
Begin MonoManager ReloadAssembly
Native extension for WindowsStandalone target not found
Refreshing native plugins compatible for Editor in 0.27 ms, found 0 plugins.
Preloading 0 native plugins for Editor in 0.00 ms.
Invoked RoslynAnalysisRunner static constructor.
RoslynAnalysisRunner will not be running.
RoslynAnalysisRunner has terminated.
Mono: successfully reloaded assembly
- Completed reload, in  0.684 seconds
Platform modules already initialized, skipping
Refreshing native plugins compatible for Editor in 0.26 ms, found 0 plugins.
Preloading 0 native plugins for Editor in 0.00 ms.
Unloading 1153 Unused Serialized files (Serialized files now loaded: 0)
System memory in use before: 64.1 MB.
System memory in use after: 64.2 MB.

Unloading 12 unused Assets to reduce memory usage. Loaded Objects now: 1665.
Total: 4.008000 ms (FindLiveObjects: 0.323700 ms CreateObjectMapping: 0.098700 ms MarkObjects: 3.430800 ms  DeleteObjects: 0.152100 ms)

========================================================================
Received Prepare
Registering precompiled user dll's ...
Registered in 0.002504 seconds.
Begin MonoManager ReloadAssembly
Native extension for WindowsStandalone target not found
Refreshing native plugins compatible for Editor in 0.26 ms, found 0 plugins.
Preloading 0 native plugins for Editor in 0.00 ms.
Invoked RoslynAnalysisRunner static constructor.
RoslynAnalysisRunner will not be running.
RoslynAnalysisRunner has terminated.
Mono: successfully reloaded assembly
- Completed reload, in  0.713 seconds
Platform modules already initialized, skipping
Refreshing native plugins compatible for Editor in 0.27 ms, found 0 plugins.
Preloading 0 native plugins for Editor in 0.00 ms.
Unloading 1153 Unused Serialized files (Serialized files now loaded: 0)
System memory in use before: 63.5 MB.
System memory in use after: 63.6 MB.

Unloading 12 unused Assets to reduce memory usage. Loaded Objects now: 1667.
Total: 9.626500 ms (FindLiveObjects: 0.188200 ms CreateObjectMapping: 0.048300 ms MarkObjects: 9.245800 ms  DeleteObjects: 0.142400 ms)

========================================================================
Received Prepare
Registering precompiled user dll's ...
Registered in 0.005533 seconds.
Begin MonoManager ReloadAssembly
Native extension for WindowsStandalone target not found
Refreshing native plugins compatible for Editor in 0.29 ms, found 0 plugins.
Preloading 0 native plugins for Editor in 0.00 ms.
Invoked RoslynAnalysisRunner static constructor.
RoslynAnalysisRunner will not be running.
RoslynAnalysisRunner has terminated.
Mono: successfully reloaded assembly
- Completed reload, in  1.169 seconds
Platform modules already initialized, skipping
Refreshing native plugins compatible for Editor in 0.37 ms, found 0 plugins.
Preloading 0 native plugins for Editor in 0.00 ms.
Unloading 1153 Unused Serialized files (Serialized files now loaded: 0)
System memory in use before: 63.8 MB.
System memory in use after: 63.9 MB.

Unloading 12 unused Assets to reduce memory usage. Loaded Objects now: 1669.
Total: 2.052400 ms (FindLiveObjects: 0.145000 ms CreateObjectMapping: 0.113900 ms MarkObjects: 1.729800 ms  DeleteObjects: 0.062000 ms)

========================================================================
Received Prepare
Registering precompiled user dll's ...
Registered in 0.002335 seconds.
Begin MonoManager ReloadAssembly
Native extension for WindowsStandalone target not found
Refreshing native plugins compatible for Editor in 0.30 ms, found 0 plugins.
Preloading 0 native plugins for Editor in 0.00 ms.
Invoked RoslynAnalysisRunner static constructor.
RoslynAnalysisRunner will not be running.
RoslynAnalysisRunner has terminated.
Mono: successfully reloaded assembly
- Completed reload, in  0.797 seconds
Platform modules already initialized, skipping
Refreshing native plugins compatible for Editor in 0.27 ms, found 0 plugins.
Preloading 0 native plugins for Editor in 0.00 ms.
Unloading 1153 Unused Serialized files (Serialized files now loaded: 0)
System memory in use before: 64.1 MB.
System memory in use after: 64.2 MB.

Unloading 12 unused Assets to reduce memory usage. Loaded Objects now: 1671.
Total: 1.850800 ms (FindLiveObjects: 0.157900 ms CreateObjectMapping: 0.049000 ms MarkObjects: 1.559600 ms  DeleteObjects: 0.082900 ms)

========================================================================
Received Prepare
Registering precompiled user dll's ...
Registered in 0.003835 seconds.
Begin MonoManager ReloadAssembly
Native extension for WindowsStandalone target not found
Refreshing native plugins compatible for Editor in 1.63 ms, found 0 plugins.
Preloading 0 native plugins for Editor in 0.00 ms.
Invoked RoslynAnalysisRunner static constructor.
RoslynAnalysisRunner will not be running.
RoslynAnalysisRunner has terminated.
Mono: successfully reloaded assembly
- Completed reload, in  1.218 seconds
Platform modules already initialized, skipping
Refreshing native plugins compatible for Editor in 0.34 ms, found 0 plugins.
Preloading 0 native plugins for Editor in 0.00 ms.
Unloading 1153 Unused Serialized files (Serialized files now loaded: 0)
System memory in use before: 63.4 MB.
System memory in use after: 63.5 MB.

Unloading 12 unused Assets to reduce memory usage. Loaded Objects now: 1673.
Total: 1.808700 ms (FindLiveObjects: 0.292600 ms CreateObjectMapping: 0.094600 ms MarkObjects: 1.361500 ms  DeleteObjects: 0.058400 ms)

========================================================================
Received Prepare
Registering precompiled user dll's ...
Registered in 0.002674 seconds.
Begin MonoManager ReloadAssembly
Native extension for WindowsStandalone target not found
Refreshing native plugins compatible for Editor in 0.26 ms, found 0 plugins.
Preloading 0 native plugins for Editor in 0.00 ms.
Invoked RoslynAnalysisRunner static constructor.
RoslynAnalysisRunner will not be running.
RoslynAnalysisRunner has terminated.
Mono: successfully reloaded assembly
- Completed reload, in  0.692 seconds
Platform modules already initialized, skipping
Refreshing native plugins compatible for Editor in 0.27 ms, found 0 plugins.
Preloading 0 native plugins for Editor in 0.00 ms.
Unloading 1153 Unused Serialized files (Serialized files now loaded: 0)
System memory in use before: 63.7 MB.
System memory in use after: 63.8 MB.

Unloading 12 unused Assets to reduce memory usage. Loaded Objects now: 1675.
Total: 2.236700 ms (FindLiveObjects: 0.155100 ms CreateObjectMapping: 0.039600 ms MarkObjects: 1.975000 ms  DeleteObjects: 0.065300 ms)

========================================================================
Received Prepare
Registering precompiled user dll's ...
Registered in 0.002535 seconds.
Begin MonoManager ReloadAssembly
Native extension for WindowsStandalone target not found
Refreshing native plugins compatible for Editor in 0.26 ms, found 0 plugins.
Preloading 0 native plugins for Editor in 0.00 ms.
Invoked RoslynAnalysisRunner static constructor.
RoslynAnalysisRunner will not be running.
RoslynAnalysisRunner has terminated.
Mono: successfully reloaded assembly
- Completed reload, in  0.685 seconds
Platform modules already initialized, skipping
Refreshing native plugins compatible for Editor in 0.27 ms, found 0 plugins.
Preloading 0 native plugins for Editor in 0.00 ms.
Unloading 1153 Unused Serialized files (Serialized files now loaded: 0)
System memory in use before: 64.0 MB.
System memory in use after: 64.1 MB.

Unloading 12 unused Assets to reduce memory usage. Loaded Objects now: 1677.
Total: 1.729700 ms (FindLiveObjects: 0.129100 ms CreateObjectMapping: 0.036500 ms MarkObjects: 1.506000 ms  DeleteObjects: 0.056500 ms)

========================================================================
Received Import Request.
  Time since last request: 1597.309041 seconds.
  path: Assets/Prototype/Prefabs/Enemie1.prefab
  artifactKey: Guid(80967ea83949e874ab1476744b3539fa) Importer(815301076,1909f56bfc062723c751e8b465ee728b)
Start importing Assets/Prototype/Prefabs/Enemie1.prefab using Guid(80967ea83949e874ab1476744b3539fa) Importer(815301076,1909f56bfc062723c751e8b465ee728b)  -> (artifact id: 'b5e0d54fa70b1e8084ad2f1fcbf313b0') in 0.079121 seconds
  Import took 0.089738 seconds .

========================================================================
Received Import Request.
  Time since last request: 0.000193 seconds.
  path: Assets/Prototype/Prefabs/Enemie2 .prefab
  artifactKey: Guid(45203d07c30c99241819c46211d3aba3) Importer(815301076,1909f56bfc062723c751e8b465ee728b)
Start importing Assets/Prototype/Prefabs/Enemie2 .prefab using Guid(45203d07c30c99241819c46211d3aba3) Importer(815301076,1909f56bfc062723c751e8b465ee728b)  -> (artifact id: '9393bb52f2abbe2e837fb3e332a346ed') in 0.017478 seconds
  Import took 0.042187 seconds .

========================================================================
Received Import Request.
  Time since last request: 0.000218 seconds.
  path: Assets/Prototype/Prefabs/Enemie3.prefab
  artifactKey: Guid(46068eb2f99876c4aa6051ae7f5c79ae) Importer(815301076,1909f56bfc062723c751e8b465ee728b)
Start importing Assets/Prototype/Prefabs/Enemie3.prefab using Guid(46068eb2f99876c4aa6051ae7f5c79ae) Importer(815301076,1909f56bfc062723c751e8b465ee728b)  -> (artifact id: '917d8dcb2fbf92f23b40280ff5994099') in 0.020763 seconds
  Import took 0.023363 seconds .

========================================================================
Received Import Request.
  Time since last request: 0.000160 seconds.
  path: Assets/Prototype/Prefabs/Enemie2 .prefab
  artifactKey: Guid(45203d07c30c99241819c46211d3aba3) Importer(815301076,1909f56bfc062723c751e8b465ee728b)
Start importing Assets/Prototype/Prefabs/Enemie2 .prefab using Guid(45203d07c30c99241819c46211d3aba3) Importer(815301076,1909f56bfc062723c751e8b465ee728b)  -> (artifact id: '9393bb52f2abbe2e837fb3e332a346ed') in 0.023308 seconds
  Import took 0.025365 seconds .

========================================================================
Received Import Request.
  Time since last request: 0.000247 seconds.
  path: Assets/Prototype/Prefabs/Enemie3.prefab
  artifactKey: Guid(46068eb2f99876c4aa6051ae7f5c79ae) Importer(815301076,1909f56bfc062723c751e8b465ee728b)
Start importing Assets/Prototype/Prefabs/Enemie3.prefab using Guid(46068eb2f99876c4aa6051ae7f5c79ae) Importer(815301076,1909f56bfc062723c751e8b465ee728b)  -> (artifact id: '917d8dcb2fbf92f23b40280ff5994099') in 0.026423 seconds
  Import took 0.029976 seconds .

========================================================================
Received Prepare
Registering precompiled user dll's ...
Registered in 0.002532 seconds.
Begin MonoManager ReloadAssembly
Native extension for WindowsStandalone target not found
Refreshing native plugins compatible for Editor in 0.28 ms, found 0 plugins.
Preloading 0 native plugins for Editor in 0.00 ms.
Invoked RoslynAnalysisRunner static constructor.
RoslynAnalysisRunner will not be running.
RoslynAnalysisRunner has terminated.
Mono: successfully reloaded assembly
- Completed reload, in  0.687 seconds
Platform modules already initialized, skipping
Refreshing native plugins compatible for Editor in 0.27 ms, found 0 plugins.
Preloading 0 native plugins for Editor in 0.00 ms.
Unloading 1153 Unused Serialized files (Serialized files now loaded: 0)
System memory in use before: 64.1 MB.
System memory in use after: 64.2 MB.

Unloading 12 unused Assets to reduce memory usage. Loaded Objects now: 1680.
Total: 1.949000 ms (FindLiveObjects: 0.145000 ms CreateObjectMapping: 0.037100 ms MarkObjects: 1.706400 ms  DeleteObjects: 0.059500 ms)

AssetImportWorkerClient::OnTransportError - code=2 error=End of file
