Using pre-set license
Built from '2020.2/release' branch; Version is '2020.2.1f1 (270dd8c3da1c) revision 2559448'; Using compiler version '192528614'; Build Type 'Release'
OS: 'Windows 10  (10.0.0) 64bit' Language: 'es' Physical Memory: 8125 MB
BatchMode: 1, IsHumanControllingUs: 0, StartBugReporterOnCrash: 0, Is64bit: 1, IsPro: 0

 COMMAND LINE ARGUMENTS:
D:\Archivos de programa\Unity\Hub\Editor\2020.2.1f1\Editor\Unity.exe
-adb2
-batchMode
-noUpm
-name
AssetImportWorker0
-projectPath
D:/Escritorio/Developer/Proyectos/03Jump
-logFile
Logs/AssetImportWorker0.log
-srvPort
60656
Successfully changed project path to: D:/Escritorio/Developer/Proyectos/03Jump
D:/Escritorio/Developer/Proyectos/03Jump
Using Asset Import Pipeline V2.
Refreshing native plugins compatible for Editor in 25.87 ms, found 0 plugins.
Preloading 0 native plugins for Editor in 0.00 ms.
Initialize engine version: 2020.2.1f1 (270dd8c3da1c)
[Subsystems] Discovering subsystems at path D:/Archivos de programa/Unity/Hub/Editor/2020.2.1f1/Editor/Data/Resources/UnitySubsystems
[Subsystems] Discovering subsystems at path D:/Escritorio/Developer/Proyectos/03Jump/Assets
GfxDevice: creating device client; threaded=0
Direct3D:
    Version:  Direct3D 11.0 [level 11.1]
    Renderer: NVIDIA GeForce GTX 1650 (ID=0x1f82)
    Vendor:   
    VRAM:     3962 MB
    Driver:   27.21.14.6140
Initialize mono
Mono path[0] = 'D:/Archivos de programa/Unity/Hub/Editor/2020.2.1f1/Editor/Data/Managed'
Mono path[1] = 'D:/Archivos de programa/Unity/Hub/Editor/2020.2.1f1/Editor/Data/MonoBleedingEdge/lib/mono/unityjit'
Mono config path = 'D:/Archivos de programa/Unity/Hub/Editor/2020.2.1f1/Editor/Data/MonoBleedingEdge/etc'
Using monoOptions --debugger-agent=transport=dt_socket,embedding=1,server=y,suspend=n,address=127.0.0.1:56620
Begin MonoManager ReloadAssembly
Registering precompiled unity dll's ...
Register platform support module: D:/Archivos de programa/Unity/Hub/Editor/2020.2.1f1/Editor/Data/PlaybackEngines/WindowsStandaloneSupport/UnityEditor.WindowsStandalone.Extensions.dll
Registered in 0.000922 seconds.
Native extension for WindowsStandalone target not found
Refreshing native plugins compatible for Editor in 25.07 ms, found 0 plugins.
Preloading 0 native plugins for Editor in 0.00 ms.
Invoked RoslynAnalysisRunner static constructor.
RoslynAnalysisRunner will not be running.
RoslynAnalysisRunner has terminated.
Mono: successfully reloaded assembly
- Completed reload, in  0.901 seconds
Platform modules already initialized, skipping
Registering precompiled user dll's ...
Registered in 0.002433 seconds.
Begin MonoManager ReloadAssembly
Native extension for WindowsStandalone target not found
Refreshing native plugins compatible for Editor in 0.30 ms, found 0 plugins.
Preloading 0 native plugins for Editor in 0.00 ms.
Invoked RoslynAnalysisRunner static constructor.
RoslynAnalysisRunner will not be running.
RoslynAnalysisRunner has terminated.
Mono: successfully reloaded assembly
- Completed reload, in  0.777 seconds
Platform modules already initialized, skipping
========================================================================
Worker process is ready to serve import requests
Launched and connected shader compiler UnityShaderCompiler.exe after 0.04 seconds
Refreshing native plugins compatible for Editor in 0.37 ms, found 0 plugins.
Preloading 0 native plugins for Editor in 0.00 ms.
Unloading 1148 Unused Serialized files (Serialized files now loaded: 0)
System memory in use before: 58.5 MB.
System memory in use after: 58.6 MB.

Unloading 17 unused Assets to reduce memory usage. Loaded Objects now: 1589.
Total: 3.738600 ms (FindLiveObjects: 1.485000 ms CreateObjectMapping: 0.097700 ms MarkObjects: 2.062300 ms  DeleteObjects: 0.092400 ms)

========================================================================
Received Import Request.
  path: Assets/Prefabs/Barrel.prefab
  artifactKey: Guid(45edbfcf39f302a4e81936dff725e1ba) Importer(815301076,1909f56bfc062723c751e8b465ee728b)
Start importing Assets/Prefabs/Barrel.prefab using Guid(45edbfcf39f302a4e81936dff725e1ba) Importer(815301076,1909f56bfc062723c751e8b465ee728b)  -> (artifact id: 'cdb43bce4fd91b26397ede27103190fe') in 0.227388 seconds
  Import took 0.229812 seconds .

========================================================================
Received Import Request.
  Time since last request: 19.130294 seconds.
  path: Assets/Prefabs/Barrel.prefab
  artifactKey: Guid(45edbfcf39f302a4e81936dff725e1ba) Importer(815301076,1909f56bfc062723c751e8b465ee728b)
Start importing Assets/Prefabs/Barrel.prefab using Guid(45edbfcf39f302a4e81936dff725e1ba) Importer(815301076,1909f56bfc062723c751e8b465ee728b)  -> (artifact id: 'c2ebb838cc0b5e6b039560fe65d15688') in 0.016404 seconds
  Import took 0.018739 seconds .

========================================================================
Received Import Request.
  Time since last request: 26.295181 seconds.
  path: Assets/Prefabs/Barrel.prefab
  artifactKey: Guid(45edbfcf39f302a4e81936dff725e1ba) Importer(815301076,1909f56bfc062723c751e8b465ee728b)
Start importing Assets/Prefabs/Barrel.prefab using Guid(45edbfcf39f302a4e81936dff725e1ba) Importer(815301076,1909f56bfc062723c751e8b465ee728b)  -> (artifact id: 'df6e80a9d71c3c55791e931b08b35aa7') in 0.013970 seconds
  Import took 0.016108 seconds .

========================================================================
Received Import Request.
  Time since last request: 15.016647 seconds.
  path: Assets/Prefabs/Barrel.prefab
  artifactKey: Guid(45edbfcf39f302a4e81936dff725e1ba) Importer(815301076,1909f56bfc062723c751e8b465ee728b)
Start importing Assets/Prefabs/Barrel.prefab using Guid(45edbfcf39f302a4e81936dff725e1ba) Importer(815301076,1909f56bfc062723c751e8b465ee728b)  -> (artifact id: '142976b1a7f8717bfad651803c9a33d3') in 0.017266 seconds
  Import took 0.019814 seconds .

========================================================================
Received Import Request.
  Time since last request: 10.300832 seconds.
  path: Assets/Prefabs/Barrel.prefab
  artifactKey: Guid(45edbfcf39f302a4e81936dff725e1ba) Importer(815301076,1909f56bfc062723c751e8b465ee728b)
Start importing Assets/Prefabs/Barrel.prefab using Guid(45edbfcf39f302a4e81936dff725e1ba) Importer(815301076,1909f56bfc062723c751e8b465ee728b)  -> (artifact id: 'd6968612071c3872ce4c5a203f65a852') in 0.013788 seconds
  Import took 0.016051 seconds .

========================================================================
Received Import Request.
  Time since last request: 3.612367 seconds.
  path: Assets/Prefabs/Barrel.prefab
  artifactKey: Guid(45edbfcf39f302a4e81936dff725e1ba) Importer(815301076,1909f56bfc062723c751e8b465ee728b)
Start importing Assets/Prefabs/Barrel.prefab using Guid(45edbfcf39f302a4e81936dff725e1ba) Importer(815301076,1909f56bfc062723c751e8b465ee728b)  -> (artifact id: 'b490a96a052af268a126cf8d49d9cac0') in 0.012883 seconds
  Import took 0.015438 seconds .

========================================================================
Received Import Request.
  Time since last request: 8.450823 seconds.
  path: Assets/Prefabs/Barrel.prefab
  artifactKey: Guid(45edbfcf39f302a4e81936dff725e1ba) Importer(815301076,1909f56bfc062723c751e8b465ee728b)
Start importing Assets/Prefabs/Barrel.prefab using Guid(45edbfcf39f302a4e81936dff725e1ba) Importer(815301076,1909f56bfc062723c751e8b465ee728b)  -> (artifact id: '247a3bfb2d7e254a8884d261fbee5960') in 0.015318 seconds
  Import took 0.060081 seconds .

========================================================================
Received Import Request.
  Time since last request: 1.999626 seconds.
  path: Assets/Prefabs/Barrel.prefab
  artifactKey: Guid(45edbfcf39f302a4e81936dff725e1ba) Importer(815301076,1909f56bfc062723c751e8b465ee728b)
Start importing Assets/Prefabs/Barrel.prefab using Guid(45edbfcf39f302a4e81936dff725e1ba) Importer(815301076,1909f56bfc062723c751e8b465ee728b)  -> (artifact id: 'a1372b55934ae7b9fadcdfc1ef8071d8') in 0.013058 seconds
  Import took 0.015153 seconds .

========================================================================
Received Import Request.
  Time since last request: 2.582777 seconds.
  path: Assets/Prefabs/Barrel.prefab
  artifactKey: Guid(45edbfcf39f302a4e81936dff725e1ba) Importer(815301076,1909f56bfc062723c751e8b465ee728b)
Start importing Assets/Prefabs/Barrel.prefab using Guid(45edbfcf39f302a4e81936dff725e1ba) Importer(815301076,1909f56bfc062723c751e8b465ee728b)  -> (artifact id: 'e61da7a89b07b20e9d3147f898d71eb7') in 0.014158 seconds
  Import took 0.016941 seconds .

========================================================================
Received Import Request.
  Time since last request: 4.407624 seconds.
  path: Assets/Prefabs/Barrel.prefab
  artifactKey: Guid(45edbfcf39f302a4e81936dff725e1ba) Importer(815301076,1909f56bfc062723c751e8b465ee728b)
Start importing Assets/Prefabs/Barrel.prefab using Guid(45edbfcf39f302a4e81936dff725e1ba) Importer(815301076,1909f56bfc062723c751e8b465ee728b)  -> (artifact id: '77dca34b19318cf998d6790a3db07f71') in 0.013752 seconds
  Import took 0.016042 seconds .

========================================================================
Received Import Request.
  Time since last request: 2.611062 seconds.
  path: Assets/Prefabs/Barrel.prefab
  artifactKey: Guid(45edbfcf39f302a4e81936dff725e1ba) Importer(815301076,1909f56bfc062723c751e8b465ee728b)
Start importing Assets/Prefabs/Barrel.prefab using Guid(45edbfcf39f302a4e81936dff725e1ba) Importer(815301076,1909f56bfc062723c751e8b465ee728b)  -> (artifact id: 'fa5b96e7274d6ea43e0382c5b4bda2ab') in 0.013547 seconds
  Import took 0.016285 seconds .

========================================================================
Received Import Request.
  Time since last request: 5.436094 seconds.
  path: Assets/Prefabs/Barrel.prefab
  artifactKey: Guid(45edbfcf39f302a4e81936dff725e1ba) Importer(815301076,1909f56bfc062723c751e8b465ee728b)
Start importing Assets/Prefabs/Barrel.prefab using Guid(45edbfcf39f302a4e81936dff725e1ba) Importer(815301076,1909f56bfc062723c751e8b465ee728b)  -> (artifact id: '7f99ac20857a37c6ff614b65e8d4a36e') in 0.015230 seconds
  Import took 0.017320 seconds .

========================================================================
Received Import Request.
  Time since last request: 5.251715 seconds.
  path: Assets/Prefabs/Barrel.prefab
  artifactKey: Guid(45edbfcf39f302a4e81936dff725e1ba) Importer(815301076,1909f56bfc062723c751e8b465ee728b)
Start importing Assets/Prefabs/Barrel.prefab using Guid(45edbfcf39f302a4e81936dff725e1ba) Importer(815301076,1909f56bfc062723c751e8b465ee728b)  -> (artifact id: 'e484278e7ecd5a05625d9886060fe2e3') in 0.014229 seconds
  Import took 0.016568 seconds .

========================================================================
Received Import Request.
  Time since last request: 17.900238 seconds.
  path: Assets/Prefabs/Barrel.prefab
  artifactKey: Guid(45edbfcf39f302a4e81936dff725e1ba) Importer(815301076,1909f56bfc062723c751e8b465ee728b)
Start importing Assets/Prefabs/Barrel.prefab using Guid(45edbfcf39f302a4e81936dff725e1ba) Importer(815301076,1909f56bfc062723c751e8b465ee728b)  -> (artifact id: 'f4cb877a843d27840779ce3c676ff690') in 0.117604 seconds
  Import took 0.121076 seconds .

========================================================================
Received Prepare
Registering precompiled user dll's ...
Registered in 0.002680 seconds.
Begin MonoManager ReloadAssembly
Native extension for WindowsStandalone target not found
Refreshing native plugins compatible for Editor in 0.26 ms, found 0 plugins.
Preloading 0 native plugins for Editor in 0.00 ms.
Invoked RoslynAnalysisRunner static constructor.
RoslynAnalysisRunner will not be running.
RoslynAnalysisRunner has terminated.
Mono: successfully reloaded assembly
- Completed reload, in  0.754 seconds
Platform modules already initialized, skipping
Refreshing native plugins compatible for Editor in 0.28 ms, found 0 plugins.
Preloading 0 native plugins for Editor in 0.00 ms.
Unloading 1141 Unused Serialized files (Serialized files now loaded: 0)
System memory in use before: 61.7 MB.
System memory in use after: 61.8 MB.

Unloading 12 unused Assets to reduce memory usage. Loaded Objects now: 1598.
Total: 1.730100 ms (FindLiveObjects: 0.165000 ms CreateObjectMapping: 0.041600 ms MarkObjects: 1.461600 ms  DeleteObjects: 0.060800 ms)

========================================================================
Received Import Request.
  Time since last request: 19.375165 seconds.
  path: Assets/Prefabs/Barrel.prefab
  artifactKey: Guid(45edbfcf39f302a4e81936dff725e1ba) Importer(815301076,1909f56bfc062723c751e8b465ee728b)
Start importing Assets/Prefabs/Barrel.prefab using Guid(45edbfcf39f302a4e81936dff725e1ba) Importer(815301076,1909f56bfc062723c751e8b465ee728b)  -> (artifact id: '1a6844bc64fbb8709337e869127b4bc1') in 0.063816 seconds
  Import took 0.065970 seconds .

========================================================================
Received Prepare
Registering precompiled user dll's ...
Registered in 0.002461 seconds.
Begin MonoManager ReloadAssembly
Native extension for WindowsStandalone target not found
Refreshing native plugins compatible for Editor in 0.26 ms, found 0 plugins.
Preloading 0 native plugins for Editor in 0.00 ms.
Invoked RoslynAnalysisRunner static constructor.
RoslynAnalysisRunner will not be running.
RoslynAnalysisRunner has terminated.
Mono: successfully reloaded assembly
- Completed reload, in  0.676 seconds
Platform modules already initialized, skipping
Refreshing native plugins compatible for Editor in 0.27 ms, found 0 plugins.
Preloading 0 native plugins for Editor in 0.00 ms.
Unloading 1141 Unused Serialized files (Serialized files now loaded: 0)
System memory in use before: 62.0 MB.
System memory in use after: 62.0 MB.

Unloading 12 unused Assets to reduce memory usage. Loaded Objects now: 1601.
Total: 1.673000 ms (FindLiveObjects: 0.128400 ms CreateObjectMapping: 0.035700 ms MarkObjects: 1.457600 ms  DeleteObjects: 0.050400 ms)

========================================================================
Received Import Request.
  Time since last request: 71.860824 seconds.
  path: Assets/Prefabs/Barrel.prefab
  artifactKey: Guid(45edbfcf39f302a4e81936dff725e1ba) Importer(815301076,1909f56bfc062723c751e8b465ee728b)
Start importing Assets/Prefabs/Barrel.prefab using Guid(45edbfcf39f302a4e81936dff725e1ba) Importer(815301076,1909f56bfc062723c751e8b465ee728b)  -> (artifact id: '5821becd490e38dac4652e9f5c3d6fc1') in 0.102525 seconds
  Import took 0.105291 seconds .

========================================================================
Received Import Request.
  Time since last request: 2.326836 seconds.
  path: Assets/Prefabs/Barrel.prefab
  artifactKey: Guid(45edbfcf39f302a4e81936dff725e1ba) Importer(815301076,1909f56bfc062723c751e8b465ee728b)
Start importing Assets/Prefabs/Barrel.prefab using Guid(45edbfcf39f302a4e81936dff725e1ba) Importer(815301076,1909f56bfc062723c751e8b465ee728b)  -> (artifact id: '86ed6d49eab795f9e0707ce6fd9ab752') in 0.014853 seconds
  Import took 0.017316 seconds .

========================================================================
Received Import Request.
  Time since last request: 2.213451 seconds.
  path: Assets/Prefabs/Barrel.prefab
  artifactKey: Guid(45edbfcf39f302a4e81936dff725e1ba) Importer(815301076,1909f56bfc062723c751e8b465ee728b)
Start importing Assets/Prefabs/Barrel.prefab using Guid(45edbfcf39f302a4e81936dff725e1ba) Importer(815301076,1909f56bfc062723c751e8b465ee728b)  -> (artifact id: '951ba45154f7c044c3c2c143353fab0f') in 0.013912 seconds
  Import took 0.016109 seconds .

========================================================================
Received Import Request.
  Time since last request: 10.679574 seconds.
  path: Assets/Prefabs/Barrel.prefab
  artifactKey: Guid(45edbfcf39f302a4e81936dff725e1ba) Importer(815301076,1909f56bfc062723c751e8b465ee728b)
Start importing Assets/Prefabs/Barrel.prefab using Guid(45edbfcf39f302a4e81936dff725e1ba) Importer(815301076,1909f56bfc062723c751e8b465ee728b)  -> (artifact id: '0709011c198ba3673e24123e70faf5ae') in 0.019159 seconds
  Import took 0.021513 seconds .

========================================================================
Received Prepare
Registering precompiled user dll's ...
Registered in 0.002766 seconds.
Begin MonoManager ReloadAssembly
Native extension for WindowsStandalone target not found
Refreshing native plugins compatible for Editor in 0.26 ms, found 0 plugins.
Preloading 0 native plugins for Editor in 0.00 ms.
Invoked RoslynAnalysisRunner static constructor.
RoslynAnalysisRunner will not be running.
RoslynAnalysisRunner has terminated.
Mono: successfully reloaded assembly
- Completed reload, in  0.722 seconds
Platform modules already initialized, skipping
Refreshing native plugins compatible for Editor in 0.30 ms, found 0 plugins.
Preloading 0 native plugins for Editor in 0.00 ms.
Unloading 1141 Unused Serialized files (Serialized files now loaded: 0)
System memory in use before: 62.2 MB.
System memory in use after: 62.3 MB.

Unloading 12 unused Assets to reduce memory usage. Loaded Objects now: 1604.
Total: 1.533300 ms (FindLiveObjects: 0.145100 ms CreateObjectMapping: 0.037300 ms MarkObjects: 1.274600 ms  DeleteObjects: 0.074600 ms)

========================================================================
Received Import Request.
  Time since last request: 79.717085 seconds.
  path: Assets/Prefabs/Barrel.prefab
  artifactKey: Guid(45edbfcf39f302a4e81936dff725e1ba) Importer(815301076,1909f56bfc062723c751e8b465ee728b)
Start importing Assets/Prefabs/Barrel.prefab using Guid(45edbfcf39f302a4e81936dff725e1ba) Importer(815301076,1909f56bfc062723c751e8b465ee728b)  -> (artifact id: '17402313b0d9d0e59eb5ec712e4edcec') in 0.057373 seconds
  Import took 0.059362 seconds .

========================================================================
Received Import Request.
  Time since last request: 112.477425 seconds.
  path: Assets/Prefabs/Barrel_01.prefab
  artifactKey: Guid(95927758d3a4cef4ba6c4318f06876fd) Importer(815301076,1909f56bfc062723c751e8b465ee728b)
Start importing Assets/Prefabs/Barrel_01.prefab using Guid(95927758d3a4cef4ba6c4318f06876fd) Importer(815301076,1909f56bfc062723c751e8b465ee728b)  -> (artifact id: '821a0516f178161d2731daa4ab0953f1') in 0.027953 seconds
  Import took 0.039583 seconds .

========================================================================
Received Import Request.
  Time since last request: 8.544391 seconds.
  path: Assets/Prefabs/Barrel_01.prefab
  artifactKey: Guid(95927758d3a4cef4ba6c4318f06876fd) Importer(815301076,1909f56bfc062723c751e8b465ee728b)
Start importing Assets/Prefabs/Barrel_01.prefab using Guid(95927758d3a4cef4ba6c4318f06876fd) Importer(815301076,1909f56bfc062723c751e8b465ee728b)  -> (artifact id: 'ce5df0553b5d794ffd3aa57d118c8390') in 0.016128 seconds
  Import took 0.018521 seconds .

========================================================================
Received Import Request.
  Time since last request: 6.661471 seconds.
  path: Assets/Prefabs/Barrel_01.prefab
  artifactKey: Guid(95927758d3a4cef4ba6c4318f06876fd) Importer(815301076,1909f56bfc062723c751e8b465ee728b)
Start importing Assets/Prefabs/Barrel_01.prefab using Guid(95927758d3a4cef4ba6c4318f06876fd) Importer(815301076,1909f56bfc062723c751e8b465ee728b)  -> (artifact id: '48c737cca9f454d23788b8d0caed6c5a') in 0.020372 seconds
  Import took 0.022594 seconds .

========================================================================
Received Import Request.
  Time since last request: 16.716855 seconds.
  path: Assets/Prefabs/Barrel_01.prefab
  artifactKey: Guid(95927758d3a4cef4ba6c4318f06876fd) Importer(815301076,1909f56bfc062723c751e8b465ee728b)
Start importing Assets/Prefabs/Barrel_01.prefab using Guid(95927758d3a4cef4ba6c4318f06876fd) Importer(815301076,1909f56bfc062723c751e8b465ee728b)  -> (artifact id: '243df1aaf3a7776488ea50f4ce30a9a9') in 0.016285 seconds
  Import took 0.018999 seconds .

========================================================================
Received Import Request.
  Time since last request: 2.198650 seconds.
  path: Assets/Prefabs/Barrel_01.prefab
  artifactKey: Guid(95927758d3a4cef4ba6c4318f06876fd) Importer(815301076,1909f56bfc062723c751e8b465ee728b)
Start importing Assets/Prefabs/Barrel_01.prefab using Guid(95927758d3a4cef4ba6c4318f06876fd) Importer(815301076,1909f56bfc062723c751e8b465ee728b)  -> (artifact id: 'c5944f9793905775fb58a294f1965fa1') in 0.013509 seconds
  Import took 0.016744 seconds .

========================================================================
Received Import Request.
  Time since last request: 1.604359 seconds.
  path: Assets/Prefabs/Barrel_01.prefab
  artifactKey: Guid(95927758d3a4cef4ba6c4318f06876fd) Importer(815301076,1909f56bfc062723c751e8b465ee728b)
Start importing Assets/Prefabs/Barrel_01.prefab using Guid(95927758d3a4cef4ba6c4318f06876fd) Importer(815301076,1909f56bfc062723c751e8b465ee728b)  -> (artifact id: 'd4836b291a4e69d507fa57c163fda445') in 0.016830 seconds
  Import took 0.019063 seconds .

========================================================================
Received Import Request.
  Time since last request: 1.994220 seconds.
  path: Assets/Prefabs/Barrel_01.prefab
  artifactKey: Guid(95927758d3a4cef4ba6c4318f06876fd) Importer(815301076,1909f56bfc062723c751e8b465ee728b)
Start importing Assets/Prefabs/Barrel_01.prefab using Guid(95927758d3a4cef4ba6c4318f06876fd) Importer(815301076,1909f56bfc062723c751e8b465ee728b)  -> (artifact id: 'c66715d1eea760f57978b15c999ee228') in 0.017467 seconds
  Import took 0.020331 seconds .

========================================================================
Received Prepare
Registering precompiled user dll's ...
Registered in 0.002593 seconds.
Begin MonoManager ReloadAssembly
Native extension for WindowsStandalone target not found
Refreshing native plugins compatible for Editor in 0.29 ms, found 0 plugins.
Preloading 0 native plugins for Editor in 0.00 ms.
Invoked RoslynAnalysisRunner static constructor.
RoslynAnalysisRunner will not be running.
RoslynAnalysisRunner has terminated.
Mono: successfully reloaded assembly
- Completed reload, in  0.913 seconds
Platform modules already initialized, skipping
Refreshing native plugins compatible for Editor in 0.26 ms, found 0 plugins.
Preloading 0 native plugins for Editor in 0.00 ms.
Unloading 1141 Unused Serialized files (Serialized files now loaded: 0)
System memory in use before: 62.3 MB.
System memory in use after: 62.4 MB.

Unloading 12 unused Assets to reduce memory usage. Loaded Objects now: 1607.
Total: 6.412500 ms (FindLiveObjects: 0.395000 ms CreateObjectMapping: 0.132100 ms MarkObjects: 5.693000 ms  DeleteObjects: 0.187300 ms)

========================================================================
Received Import Request.
  Time since last request: 135.579295 seconds.
  path: Assets/Prefabs/Barrel_01.prefab
  artifactKey: Guid(95927758d3a4cef4ba6c4318f06876fd) Importer(815301076,1909f56bfc062723c751e8b465ee728b)
Start importing Assets/Prefabs/Barrel_01.prefab using Guid(95927758d3a4cef4ba6c4318f06876fd) Importer(815301076,1909f56bfc062723c751e8b465ee728b)  -> (artifact id: '2b2b736a35db6b7805a9dd73d322f422') in 0.093561 seconds
  Import took 0.097967 seconds .

========================================================================
Received Import Request.
  Time since last request: 1.715368 seconds.
  path: Assets/Prefabs/Barrel_01.prefab
  artifactKey: Guid(95927758d3a4cef4ba6c4318f06876fd) Importer(815301076,1909f56bfc062723c751e8b465ee728b)
Start importing Assets/Prefabs/Barrel_01.prefab using Guid(95927758d3a4cef4ba6c4318f06876fd) Importer(815301076,1909f56bfc062723c751e8b465ee728b)  -> (artifact id: '2b2b736a35db6b7805a9dd73d322f422') in 0.012410 seconds
  Import took 0.014353 seconds .

========================================================================
Received Prepare
Registering precompiled user dll's ...
Registered in 0.002427 seconds.
Begin MonoManager ReloadAssembly
Native extension for WindowsStandalone target not found
Refreshing native plugins compatible for Editor in 0.30 ms, found 0 plugins.
Preloading 0 native plugins for Editor in 0.00 ms.
Invoked RoslynAnalysisRunner static constructor.
RoslynAnalysisRunner will not be running.
RoslynAnalysisRunner has terminated.
Mono: successfully reloaded assembly
- Completed reload, in  0.692 seconds
Platform modules already initialized, skipping
Refreshing native plugins compatible for Editor in 0.26 ms, found 0 plugins.
Preloading 0 native plugins for Editor in 0.00 ms.
Unloading 1141 Unused Serialized files (Serialized files now loaded: 0)
System memory in use before: 62.6 MB.
System memory in use after: 62.7 MB.

Unloading 12 unused Assets to reduce memory usage. Loaded Objects now: 1610.
Total: 2.794900 ms (FindLiveObjects: 0.135200 ms CreateObjectMapping: 0.037700 ms MarkObjects: 2.542200 ms  DeleteObjects: 0.078000 ms)

========================================================================
Received Prepare
Registering precompiled user dll's ...
Registered in 0.003365 seconds.
Begin MonoManager ReloadAssembly
Native extension for WindowsStandalone target not found
Refreshing native plugins compatible for Editor in 0.88 ms, found 0 plugins.
Preloading 0 native plugins for Editor in 0.00 ms.
Invoked RoslynAnalysisRunner static constructor.
RoslynAnalysisRunner will not be running.
RoslynAnalysisRunner has terminated.
Mono: successfully reloaded assembly
- Completed reload, in  0.744 seconds
Platform modules already initialized, skipping
Refreshing native plugins compatible for Editor in 1.35 ms, found 0 plugins.
Preloading 0 native plugins for Editor in 0.00 ms.
Unloading 1141 Unused Serialized files (Serialized files now loaded: 0)
System memory in use before: 62.9 MB.
System memory in use after: 62.9 MB.

Unloading 12 unused Assets to reduce memory usage. Loaded Objects now: 1612.
Total: 1.903400 ms (FindLiveObjects: 0.142900 ms CreateObjectMapping: 0.037800 ms MarkObjects: 1.660000 ms  DeleteObjects: 0.061500 ms)

========================================================================
Received Prepare
Registering precompiled user dll's ...
Registered in 0.002488 seconds.
Begin MonoManager ReloadAssembly
Native extension for WindowsStandalone target not found
Refreshing native plugins compatible for Editor in 0.26 ms, found 0 plugins.
Preloading 0 native plugins for Editor in 0.00 ms.
Invoked RoslynAnalysisRunner static constructor.
RoslynAnalysisRunner will not be running.
RoslynAnalysisRunner has terminated.
Mono: successfully reloaded assembly
- Completed reload, in  0.761 seconds
Platform modules already initialized, skipping
Refreshing native plugins compatible for Editor in 0.26 ms, found 0 plugins.
Preloading 0 native plugins for Editor in 0.00 ms.
Unloading 1141 Unused Serialized files (Serialized files now loaded: 0)
System memory in use before: 63.1 MB.
System memory in use after: 63.2 MB.

Unloading 12 unused Assets to reduce memory usage. Loaded Objects now: 1614.
Total: 1.410900 ms (FindLiveObjects: 0.131000 ms CreateObjectMapping: 0.034100 ms MarkObjects: 1.194200 ms  DeleteObjects: 0.050700 ms)

========================================================================
Received Prepare
Registering precompiled user dll's ...
Registered in 0.002707 seconds.
Begin MonoManager ReloadAssembly
Native extension for WindowsStandalone target not found
Refreshing native plugins compatible for Editor in 0.26 ms, found 0 plugins.
Preloading 0 native plugins for Editor in 0.00 ms.
Invoked RoslynAnalysisRunner static constructor.
RoslynAnalysisRunner will not be running.
RoslynAnalysisRunner has terminated.
Mono: successfully reloaded assembly
- Completed reload, in  0.740 seconds
Platform modules already initialized, skipping
Refreshing native plugins compatible for Editor in 0.33 ms, found 0 plugins.
Preloading 0 native plugins for Editor in 0.00 ms.
Unloading 1141 Unused Serialized files (Serialized files now loaded: 0)
System memory in use before: 63.3 MB.
System memory in use after: 63.4 MB.

Unloading 12 unused Assets to reduce memory usage. Loaded Objects now: 1616.
Total: 1.765200 ms (FindLiveObjects: 0.199700 ms CreateObjectMapping: 0.124000 ms MarkObjects: 1.378900 ms  DeleteObjects: 0.060500 ms)

========================================================================
Received Prepare
Registering precompiled user dll's ...
Registered in 0.002487 seconds.
Begin MonoManager ReloadAssembly
Native extension for WindowsStandalone target not found
Refreshing native plugins compatible for Editor in 0.26 ms, found 0 plugins.
Preloading 0 native plugins for Editor in 0.00 ms.
Invoked RoslynAnalysisRunner static constructor.
RoslynAnalysisRunner will not be running.
RoslynAnalysisRunner has terminated.
Mono: successfully reloaded assembly
- Completed reload, in  0.706 seconds
Platform modules already initialized, skipping
Refreshing native plugins compatible for Editor in 0.26 ms, found 0 plugins.
Preloading 0 native plugins for Editor in 0.00 ms.
Unloading 1141 Unused Serialized files (Serialized files now loaded: 0)
System memory in use before: 63.4 MB.
System memory in use after: 63.5 MB.

Unloading 12 unused Assets to reduce memory usage. Loaded Objects now: 1618.
Total: 1.399900 ms (FindLiveObjects: 0.123400 ms CreateObjectMapping: 0.034100 ms MarkObjects: 1.191900 ms  DeleteObjects: 0.049700 ms)

========================================================================
Received Prepare
Registering precompiled user dll's ...
Registered in 0.002476 seconds.
Begin MonoManager ReloadAssembly
Native extension for WindowsStandalone target not found
Refreshing native plugins compatible for Editor in 0.44 ms, found 0 plugins.
Preloading 0 native plugins for Editor in 0.00 ms.
Invoked RoslynAnalysisRunner static constructor.
RoslynAnalysisRunner will not be running.
RoslynAnalysisRunner has terminated.
Mono: successfully reloaded assembly
- Completed reload, in  0.722 seconds
Platform modules already initialized, skipping
Refreshing native plugins compatible for Editor in 0.26 ms, found 0 plugins.
Preloading 0 native plugins for Editor in 0.00 ms.
Unloading 1141 Unused Serialized files (Serialized files now loaded: 0)
System memory in use before: 62.7 MB.
System memory in use after: 62.8 MB.

Unloading 12 unused Assets to reduce memory usage. Loaded Objects now: 1620.
Total: 3.114500 ms (FindLiveObjects: 0.245100 ms CreateObjectMapping: 0.086700 ms MarkObjects: 2.672900 ms  DeleteObjects: 0.107300 ms)

========================================================================
Received Prepare
Registering precompiled user dll's ...
Registered in 0.002380 seconds.
Begin MonoManager ReloadAssembly
Native extension for WindowsStandalone target not found
Refreshing native plugins compatible for Editor in 0.26 ms, found 0 plugins.
Preloading 0 native plugins for Editor in 0.00 ms.
Invoked RoslynAnalysisRunner static constructor.
RoslynAnalysisRunner will not be running.
RoslynAnalysisRunner has terminated.
Mono: successfully reloaded assembly
- Completed reload, in  0.696 seconds
Platform modules already initialized, skipping
Refreshing native plugins compatible for Editor in 0.26 ms, found 0 plugins.
Preloading 0 native plugins for Editor in 0.00 ms.
Unloading 1141 Unused Serialized files (Serialized files now loaded: 0)
System memory in use before: 62.9 MB.
System memory in use after: 63.0 MB.

Unloading 12 unused Assets to reduce memory usage. Loaded Objects now: 1622.
Total: 4.304500 ms (FindLiveObjects: 0.353600 ms CreateObjectMapping: 0.104100 ms MarkObjects: 3.705200 ms  DeleteObjects: 0.137900 ms)

========================================================================
Received Prepare
Registering precompiled user dll's ...
Registered in 0.006310 seconds.
Begin MonoManager ReloadAssembly
Native extension for WindowsStandalone target not found
Refreshing native plugins compatible for Editor in 0.33 ms, found 0 plugins.
Preloading 0 native plugins for Editor in 0.00 ms.
Invoked RoslynAnalysisRunner static constructor.
RoslynAnalysisRunner will not be running.
RoslynAnalysisRunner has terminated.
Mono: successfully reloaded assembly
- Completed reload, in  1.454 seconds
Platform modules already initialized, skipping
Refreshing native plugins compatible for Editor in 0.36 ms, found 0 plugins.
Preloading 0 native plugins for Editor in 0.00 ms.
Unloading 1141 Unused Serialized files (Serialized files now loaded: 0)
System memory in use before: 63.2 MB.
System memory in use after: 63.2 MB.

Unloading 12 unused Assets to reduce memory usage. Loaded Objects now: 1624.
Total: 3.325900 ms (FindLiveObjects: 1.086600 ms CreateObjectMapping: 0.062400 ms MarkObjects: 2.106200 ms  DeleteObjects: 0.069100 ms)

========================================================================
Received Import Request.
  Time since last request: 1818.882315 seconds.
  path: Assets/Course Library/Sound
  artifactKey: Guid(513b96db72f004342809c688e465e064) Importer(815301076,1909f56bfc062723c751e8b465ee728b)
Start importing Assets/Course Library/Sound using Guid(513b96db72f004342809c688e465e064) Importer(815301076,1909f56bfc062723c751e8b465ee728b)  -> (artifact id: 'ab476e17163413f3fae57f75a7e35bf6') in 0.018846 seconds
  Import took 0.021767 seconds .

========================================================================
Received Import Request.
  Time since last request: 1.142480 seconds.
  path: Assets/Course Library/Sound/Music
  artifactKey: Guid(9b599293d4a1c4357b8f13f7c2d8bcf6) Importer(815301076,1909f56bfc062723c751e8b465ee728b)
Start importing Assets/Course Library/Sound/Music using Guid(9b599293d4a1c4357b8f13f7c2d8bcf6) Importer(815301076,1909f56bfc062723c751e8b465ee728b)  -> (artifact id: 'd31ba3a0e0ac2a867d305e7867117d39') in 0.014601 seconds
  Import took 0.017329 seconds .

========================================================================
Received Import Request.
  Time since last request: 0.039634 seconds.
  path: Assets/Course Library/Sound/Music/cron_audio_8-bit_modern01.ogg
  artifactKey: Guid(834bc99524a174a378e982623582c06d) Importer(815301076,1909f56bfc062723c751e8b465ee728b)
Start importing Assets/Course Library/Sound/Music/cron_audio_8-bit_modern01.ogg using Guid(834bc99524a174a378e982623582c06d) Importer(815301076,1909f56bfc062723c751e8b465ee728b)  -> (artifact id: '9687d732c4b6ae0da460d3137ce8eb85') in 0.435435 seconds
  Import took 0.438871 seconds .

========================================================================
Received Import Request.
  Time since last request: 0.000268 seconds.
  path: Assets/Course Library/Sound/Music/cron_audio_8-bit_modern03.ogg
  artifactKey: Guid(d70999ba737574c808b1d37cbdca0c37) Importer(815301076,1909f56bfc062723c751e8b465ee728b)
Start importing Assets/Course Library/Sound/Music/cron_audio_8-bit_modern03.ogg using Guid(d70999ba737574c808b1d37cbdca0c37) Importer(815301076,1909f56bfc062723c751e8b465ee728b)  -> (artifact id: 'cbd31484ddd467c7542249287146ab31') in 0.085336 seconds
  Import took 0.087735 seconds .

========================================================================
Received Import Request.
  Time since last request: 0.000235 seconds.
  path: Assets/Course Library/Sound/Music/cron_audio_8-bit_modern02.ogg
  artifactKey: Guid(606910ec401804eb09925f0d57909c04) Importer(815301076,1909f56bfc062723c751e8b465ee728b)
Start importing Assets/Course Library/Sound/Music/cron_audio_8-bit_modern02.ogg using Guid(606910ec401804eb09925f0d57909c04) Importer(815301076,1909f56bfc062723c751e8b465ee728b)  -> (artifact id: 'd9c95a0af23ce0aa2b4d1ed4b3943043') in 0.046311 seconds
  Import took 0.048306 seconds .

========================================================================
Received Prepare
Registering precompiled user dll's ...
Registered in 0.002896 seconds.
Begin MonoManager ReloadAssembly
Native extension for WindowsStandalone target not found
Refreshing native plugins compatible for Editor in 0.40 ms, found 0 plugins.
Preloading 0 native plugins for Editor in 0.00 ms.
Invoked RoslynAnalysisRunner static constructor.
RoslynAnalysisRunner will not be running.
RoslynAnalysisRunner has terminated.
Mono: successfully reloaded assembly
- Completed reload, in  0.954 seconds
Platform modules already initialized, skipping
Refreshing native plugins compatible for Editor in 0.27 ms, found 0 plugins.
Preloading 0 native plugins for Editor in 0.00 ms.
Unloading 1141 Unused Serialized files (Serialized files now loaded: 0)
System memory in use before: 63.4 MB.
System memory in use after: 63.5 MB.

Unloading 12 unused Assets to reduce memory usage. Loaded Objects now: 1629.
Total: 1.927000 ms (FindLiveObjects: 0.177000 ms CreateObjectMapping: 0.048200 ms MarkObjects: 1.627300 ms  DeleteObjects: 0.072500 ms)

========================================================================
Received Prepare
Registering precompiled user dll's ...
Registered in 0.002539 seconds.
Begin MonoManager ReloadAssembly
Native extension for WindowsStandalone target not found
Refreshing native plugins compatible for Editor in 0.29 ms, found 0 plugins.
Preloading 0 native plugins for Editor in 0.00 ms.
Invoked RoslynAnalysisRunner static constructor.
RoslynAnalysisRunner will not be running.
RoslynAnalysisRunner has terminated.
Mono: successfully reloaded assembly
- Completed reload, in  0.918 seconds
Platform modules already initialized, skipping
Refreshing native plugins compatible for Editor in 0.34 ms, found 0 plugins.
Preloading 0 native plugins for Editor in 0.00 ms.
Unloading 1141 Unused Serialized files (Serialized files now loaded: 0)
System memory in use before: 63.5 MB.
System memory in use after: 63.5 MB.

Unloading 12 unused Assets to reduce memory usage. Loaded Objects now: 1631.
Total: 1.934500 ms (FindLiveObjects: 0.488000 ms CreateObjectMapping: 0.053600 ms MarkObjects: 1.301300 ms  DeleteObjects: 0.090500 ms)

========================================================================
Received Prepare
Registering precompiled user dll's ...
Registered in 0.002482 seconds.
Begin MonoManager ReloadAssembly
Native extension for WindowsStandalone target not found
Refreshing native plugins compatible for Editor in 0.27 ms, found 0 plugins.
Preloading 0 native plugins for Editor in 0.00 ms.
Invoked RoslynAnalysisRunner static constructor.
RoslynAnalysisRunner will not be running.
RoslynAnalysisRunner has terminated.
Mono: successfully reloaded assembly
- Completed reload, in  0.732 seconds
Platform modules already initialized, skipping
Refreshing native plugins compatible for Editor in 2.68 ms, found 0 plugins.
Preloading 0 native plugins for Editor in 0.00 ms.
Unloading 1141 Unused Serialized files (Serialized files now loaded: 0)
System memory in use before: 62.9 MB.
System memory in use after: 62.9 MB.

Unloading 12 unused Assets to reduce memory usage. Loaded Objects now: 1633.
Total: 1.926900 ms (FindLiveObjects: 0.171900 ms CreateObjectMapping: 0.055500 ms MarkObjects: 1.631600 ms  DeleteObjects: 0.065900 ms)

========================================================================
Received Prepare
Registering precompiled user dll's ...
Registered in 0.031642 seconds.
Begin MonoManager ReloadAssembly
Native extension for WindowsStandalone target not found
Refreshing native plugins compatible for Editor in 0.27 ms, found 0 plugins.
Preloading 0 native plugins for Editor in 0.00 ms.
Invoked RoslynAnalysisRunner static constructor.
RoslynAnalysisRunner will not be running.
RoslynAnalysisRunner has terminated.
Mono: successfully reloaded assembly
- Completed reload, in  0.691 seconds
Platform modules already initialized, skipping
Refreshing native plugins compatible for Editor in 0.26 ms, found 0 plugins.
Preloading 0 native plugins for Editor in 0.00 ms.
Unloading 1141 Unused Serialized files (Serialized files now loaded: 0)
System memory in use before: 63.1 MB.
System memory in use after: 63.2 MB.

Unloading 12 unused Assets to reduce memory usage. Loaded Objects now: 1635.
Total: 2.503800 ms (FindLiveObjects: 0.289000 ms CreateObjectMapping: 0.121400 ms MarkObjects: 2.016700 ms  DeleteObjects: 0.074800 ms)

========================================================================
Received Prepare
Registering precompiled user dll's ...
Registered in 0.003182 seconds.
Begin MonoManager ReloadAssembly
Native extension for WindowsStandalone target not found
Refreshing native plugins compatible for Editor in 0.28 ms, found 0 plugins.
Preloading 0 native plugins for Editor in 0.00 ms.
Invoked RoslynAnalysisRunner static constructor.
RoslynAnalysisRunner will not be running.
RoslynAnalysisRunner has terminated.
Mono: successfully reloaded assembly
- Completed reload, in  0.725 seconds
Platform modules already initialized, skipping
Refreshing native plugins compatible for Editor in 0.43 ms, found 0 plugins.
Preloading 0 native plugins for Editor in 0.00 ms.
Unloading 1141 Unused Serialized files (Serialized files now loaded: 0)
System memory in use before: 63.3 MB.
System memory in use after: 63.4 MB.

Unloading 12 unused Assets to reduce memory usage. Loaded Objects now: 1637.
Total: 3.454300 ms (FindLiveObjects: 0.211600 ms CreateObjectMapping: 0.067700 ms MarkObjects: 3.071400 ms  DeleteObjects: 0.101600 ms)

========================================================================
Received Import Request.
  Time since last request: 8790.853176 seconds.
  path: Assets/Course Library/Sound/SFX
  artifactKey: Guid(bafa4249fee244c6f8618214665cec29) Importer(815301076,1909f56bfc062723c751e8b465ee728b)
Start importing Assets/Course Library/Sound/SFX using Guid(bafa4249fee244c6f8618214665cec29) Importer(815301076,1909f56bfc062723c751e8b465ee728b)  -> (artifact id: 'f992b8648b71896a2686ab7e3c75881e') in 0.038301 seconds
  Import took 0.069959 seconds .

========================================================================
Received Import Request.
  Time since last request: 0.000213 seconds.
  path: Assets/Course Library/Sound/SFX/crash2.wav
  artifactKey: Guid(913d6445ee8cc4152a9c18da590ee203) Importer(815301076,1909f56bfc062723c751e8b465ee728b)
Start importing Assets/Course Library/Sound/SFX/crash2.wav using Guid(913d6445ee8cc4152a9c18da590ee203) Importer(815301076,1909f56bfc062723c751e8b465ee728b)  -> (artifact id: '74a276f814265d6e6d0203843f4dc452') in 0.161650 seconds
  Import took 0.163533 seconds .

========================================================================
Received Import Request.
  Time since last request: 0.000279 seconds.
  path: Assets/Course Library/Sound/SFX/jump1.wav
  artifactKey: Guid(08ab7053d586c458db3774d33c141a4b) Importer(815301076,1909f56bfc062723c751e8b465ee728b)
Start importing Assets/Course Library/Sound/SFX/jump1.wav using Guid(08ab7053d586c458db3774d33c141a4b) Importer(815301076,1909f56bfc062723c751e8b465ee728b)  -> (artifact id: '574dc2ae6e68c95748070f8e07ad7a62') in 0.051848 seconds
  Import took 0.065951 seconds .

========================================================================
Received Import Request.
  Time since last request: 0.000344 seconds.
  path: Assets/Course Library/Sound/SFX/crash1.wav
  artifactKey: Guid(4bcde6de2166e41e284ec46d8a01fb90) Importer(815301076,1909f56bfc062723c751e8b465ee728b)
Start importing Assets/Course Library/Sound/SFX/crash1.wav using Guid(4bcde6de2166e41e284ec46d8a01fb90) Importer(815301076,1909f56bfc062723c751e8b465ee728b)  -> (artifact id: '6ef7e1dec7948b474b526995cc0dc976') in 0.058785 seconds
  Import took 0.061642 seconds .

========================================================================
Received Import Request.
  Time since last request: 0.000219 seconds.
  path: Assets/Course Library/Sound/SFX/jump3.wav
  artifactKey: Guid(113ee460fadc340e4957a7404a9fbb27) Importer(815301076,1909f56bfc062723c751e8b465ee728b)
Start importing Assets/Course Library/Sound/SFX/jump3.wav using Guid(113ee460fadc340e4957a7404a9fbb27) Importer(815301076,1909f56bfc062723c751e8b465ee728b)  -> (artifact id: '86462eca0402efeb2f3c4746ebdc79df') in 0.029801 seconds
  Import took 0.031997 seconds .

========================================================================
Received Import Request.
  Time since last request: 0.000211 seconds.
  path: Assets/Course Library/Sound/SFX/jump2.wav
  artifactKey: Guid(0f7d0b7c3397f4dac91f20e8a77d2d57) Importer(815301076,1909f56bfc062723c751e8b465ee728b)
Start importing Assets/Course Library/Sound/SFX/jump2.wav using Guid(0f7d0b7c3397f4dac91f20e8a77d2d57) Importer(815301076,1909f56bfc062723c751e8b465ee728b)  -> (artifact id: '8e9ce257a3b015a5ba51e7a207494590') in 0.032668 seconds
  Import took 0.034896 seconds .

========================================================================
Received Import Request.
  Time since last request: 0.000197 seconds.
  path: Assets/Course Library/Sound/SFX/crash3.wav
  artifactKey: Guid(e7ee25a47d63b46cdaf65480d62b405c) Importer(815301076,1909f56bfc062723c751e8b465ee728b)
Start importing Assets/Course Library/Sound/SFX/crash3.wav using Guid(e7ee25a47d63b46cdaf65480d62b405c) Importer(815301076,1909f56bfc062723c751e8b465ee728b)  -> (artifact id: 'e40d416d38d70d45680da8b08436c383') in 0.053683 seconds
  Import took 0.055544 seconds .

========================================================================
Received Prepare
Registering precompiled user dll's ...
Registered in 0.002446 seconds.
Begin MonoManager ReloadAssembly
Native extension for WindowsStandalone target not found
Refreshing native plugins compatible for Editor in 0.26 ms, found 0 plugins.
Preloading 0 native plugins for Editor in 0.00 ms.
Invoked RoslynAnalysisRunner static constructor.
RoslynAnalysisRunner will not be running.
RoslynAnalysisRunner has terminated.
Mono: successfully reloaded assembly
- Completed reload, in  0.714 seconds
Platform modules already initialized, skipping
Refreshing native plugins compatible for Editor in 0.30 ms, found 0 plugins.
Preloading 0 native plugins for Editor in 0.00 ms.
Unloading 1141 Unused Serialized files (Serialized files now loaded: 0)
System memory in use before: 63.5 MB.
System memory in use after: 63.6 MB.

Unloading 12 unused Assets to reduce memory usage. Loaded Objects now: 1640.
Total: 1.572900 ms (FindLiveObjects: 0.143800 ms CreateObjectMapping: 0.037900 ms MarkObjects: 1.336200 ms  DeleteObjects: 0.053800 ms)

========================================================================
Received Prepare
Registering precompiled user dll's ...
Registered in 0.002406 seconds.
Begin MonoManager ReloadAssembly
Native extension for WindowsStandalone target not found
Refreshing native plugins compatible for Editor in 0.27 ms, found 0 plugins.
Preloading 0 native plugins for Editor in 0.00 ms.
Invoked RoslynAnalysisRunner static constructor.
RoslynAnalysisRunner will not be running.
RoslynAnalysisRunner has terminated.
Mono: successfully reloaded assembly
- Completed reload, in  0.724 seconds
Platform modules already initialized, skipping
Refreshing native plugins compatible for Editor in 0.26 ms, found 0 plugins.
Preloading 0 native plugins for Editor in 0.00 ms.
Unloading 1141 Unused Serialized files (Serialized files now loaded: 0)
System memory in use before: 62.8 MB.
System memory in use after: 62.9 MB.

Unloading 12 unused Assets to reduce memory usage. Loaded Objects now: 1642.
Total: 1.789800 ms (FindLiveObjects: 0.151900 ms CreateObjectMapping: 0.044000 ms MarkObjects: 1.541900 ms  DeleteObjects: 0.051200 ms)

========================================================================
Received Prepare
Registering precompiled user dll's ...
Registered in 0.003871 seconds.
Begin MonoManager ReloadAssembly
Native extension for WindowsStandalone target not found
Refreshing native plugins compatible for Editor in 0.26 ms, found 0 plugins.
Preloading 0 native plugins for Editor in 0.00 ms.
Invoked RoslynAnalysisRunner static constructor.
RoslynAnalysisRunner will not be running.
RoslynAnalysisRunner has terminated.
Mono: successfully reloaded assembly
- Completed reload, in  0.798 seconds
Platform modules already initialized, skipping
Refreshing native plugins compatible for Editor in 0.27 ms, found 0 plugins.
Preloading 0 native plugins for Editor in 0.00 ms.
Unloading 1141 Unused Serialized files (Serialized files now loaded: 0)
System memory in use before: 63.0 MB.
System memory in use after: 63.1 MB.

Unloading 12 unused Assets to reduce memory usage. Loaded Objects now: 1644.
Total: 1.677800 ms (FindLiveObjects: 0.156200 ms CreateObjectMapping: 0.046200 ms MarkObjects: 1.418300 ms  DeleteObjects: 0.055300 ms)

========================================================================
Received Prepare
Registering precompiled user dll's ...
Registered in 0.002610 seconds.
Begin MonoManager ReloadAssembly
Native extension for WindowsStandalone target not found
Refreshing native plugins compatible for Editor in 0.26 ms, found 0 plugins.
Preloading 0 native plugins for Editor in 0.00 ms.
Invoked RoslynAnalysisRunner static constructor.
RoslynAnalysisRunner will not be running.
RoslynAnalysisRunner has terminated.
Mono: successfully reloaded assembly
- Completed reload, in  0.694 seconds
Platform modules already initialized, skipping
Refreshing native plugins compatible for Editor in 0.74 ms, found 0 plugins.
Preloading 0 native plugins for Editor in 0.00 ms.
Unloading 1141 Unused Serialized files (Serialized files now loaded: 0)
System memory in use before: 63.2 MB.
System memory in use after: 63.3 MB.

Unloading 12 unused Assets to reduce memory usage. Loaded Objects now: 1646.
Total: 2.833400 ms (FindLiveObjects: 0.179600 ms CreateObjectMapping: 0.045500 ms MarkObjects: 2.548600 ms  DeleteObjects: 0.058100 ms)

========================================================================
Received Prepare
Registering precompiled user dll's ...
Registered in 0.003255 seconds.
Begin MonoManager ReloadAssembly
Native extension for WindowsStandalone target not found
Refreshing native plugins compatible for Editor in 0.27 ms, found 0 plugins.
Preloading 0 native plugins for Editor in 0.00 ms.
Invoked RoslynAnalysisRunner static constructor.
RoslynAnalysisRunner will not be running.
RoslynAnalysisRunner has terminated.
Mono: successfully reloaded assembly
- Completed reload, in  0.707 seconds
Platform modules already initialized, skipping
Refreshing native plugins compatible for Editor in 0.60 ms, found 0 plugins.
Preloading 0 native plugins for Editor in 0.00 ms.
Unloading 1141 Unused Serialized files (Serialized files now loaded: 0)
System memory in use before: 63.4 MB.
System memory in use after: 63.5 MB.

Unloading 12 unused Assets to reduce memory usage. Loaded Objects now: 1648.
Total: 16.820400 ms (FindLiveObjects: 0.152200 ms CreateObjectMapping: 0.047900 ms MarkObjects: 16.526300 ms  DeleteObjects: 0.092500 ms)

========================================================================
Received Import Request.
  Time since last request: 2527.593048 seconds.
  path: Assets/_Scripts/Spin.cs
  artifactKey: Guid(c4eefad1e9364854e848637bc94f7ecf) Importer(815301076,1909f56bfc062723c751e8b465ee728b)
Start importing Assets/_Scripts/Spin.cs using Guid(c4eefad1e9364854e848637bc94f7ecf) Importer(815301076,1909f56bfc062723c751e8b465ee728b)  -> (artifact id: 'e52521b759709d184f353b9166246e58') in 0.020790 seconds
  Import took 0.042902 seconds .

========================================================================
Received Prepare
Registering precompiled user dll's ...
Registered in 0.496051 seconds.
Begin MonoManager ReloadAssembly
Native extension for WindowsStandalone target not found
Refreshing native plugins compatible for Editor in 0.27 ms, found 0 plugins.
Preloading 0 native plugins for Editor in 0.00 ms.
Invoked RoslynAnalysisRunner static constructor.
RoslynAnalysisRunner will not be running.
RoslynAnalysisRunner has terminated.
Mono: successfully reloaded assembly
- Completed reload, in  0.773 seconds
Platform modules already initialized, skipping
Refreshing native plugins compatible for Editor in 0.32 ms, found 0 plugins.
Preloading 0 native plugins for Editor in 0.00 ms.
Unloading 1142 Unused Serialized files (Serialized files now loaded: 0)
System memory in use before: 63.6 MB.
System memory in use after: 63.7 MB.

Unloading 12 unused Assets to reduce memory usage. Loaded Objects now: 1651.
Total: 1.543200 ms (FindLiveObjects: 0.152200 ms CreateObjectMapping: 0.041500 ms MarkObjects: 1.295200 ms  DeleteObjects: 0.053100 ms)

========================================================================
Received Import Request.
  Time since last request: 375.675217 seconds.
  path: Assets/_Scripts/Spin.cs
  artifactKey: Guid(c4eefad1e9364854e848637bc94f7ecf) Importer(815301076,1909f56bfc062723c751e8b465ee728b)
Start importing Assets/_Scripts/Spin.cs using Guid(c4eefad1e9364854e848637bc94f7ecf) Importer(815301076,1909f56bfc062723c751e8b465ee728b)  -> (artifact id: 'a79ae973b660c6a6d4ce695a33921d3c') in 0.010555 seconds
  Import took 0.037854 seconds .

========================================================================
Received Import Request.
  Time since last request: 10.173075 seconds.
  path: Assets/Prefabs/Barrel_01.prefab
  artifactKey: Guid(95927758d3a4cef4ba6c4318f06876fd) Importer(815301076,1909f56bfc062723c751e8b465ee728b)
Start importing Assets/Prefabs/Barrel_01.prefab using Guid(95927758d3a4cef4ba6c4318f06876fd) Importer(815301076,1909f56bfc062723c751e8b465ee728b)  -> (artifact id: '665198dc4c117fbfbdfa6ac1d3946bcf') in 0.288740 seconds
  Import took 0.337852 seconds .

========================================================================
Received Import Request.
  Time since last request: 5.549078 seconds.
  path: Assets/Prefabs/Barrel_01.prefab
  artifactKey: Guid(95927758d3a4cef4ba6c4318f06876fd) Importer(815301076,1909f56bfc062723c751e8b465ee728b)
Start importing Assets/Prefabs/Barrel_01.prefab using Guid(95927758d3a4cef4ba6c4318f06876fd) Importer(815301076,1909f56bfc062723c751e8b465ee728b)  -> (artifact id: '857d2ada0c41c93f2c0e3ddd9fe00879') in 0.016560 seconds
  Import took 0.019132 seconds .

========================================================================
Received Prepare
Registering precompiled user dll's ...
Registered in 0.002517 seconds.
Begin MonoManager ReloadAssembly
Native extension for WindowsStandalone target not found
Refreshing native plugins compatible for Editor in 0.26 ms, found 0 plugins.
Preloading 0 native plugins for Editor in 0.00 ms.
Invoked RoslynAnalysisRunner static constructor.
RoslynAnalysisRunner will not be running.
RoslynAnalysisRunner has terminated.
Mono: successfully reloaded assembly
- Completed reload, in  0.875 seconds
Platform modules already initialized, skipping
Refreshing native plugins compatible for Editor in 0.47 ms, found 0 plugins.
Preloading 0 native plugins for Editor in 0.00 ms.
Unloading 1142 Unused Serialized files (Serialized files now loaded: 0)
System memory in use before: 62.9 MB.
System memory in use after: 63.0 MB.

Unloading 12 unused Assets to reduce memory usage. Loaded Objects now: 1654.
Total: 1.577100 ms (FindLiveObjects: 0.158600 ms CreateObjectMapping: 0.039400 ms MarkObjects: 1.323900 ms  DeleteObjects: 0.053500 ms)

========================================================================
Received Import Request.
  Time since last request: 156.098943 seconds.
  path: Assets/Prefabs/Barrel_01.prefab
  artifactKey: Guid(95927758d3a4cef4ba6c4318f06876fd) Importer(815301076,1909f56bfc062723c751e8b465ee728b)
Start importing Assets/Prefabs/Barrel_01.prefab using Guid(95927758d3a4cef4ba6c4318f06876fd) Importer(815301076,1909f56bfc062723c751e8b465ee728b)  -> (artifact id: '52b988a1e3bdb52032b1e30e37027d41') in 0.054667 seconds
  Import took 0.057331 seconds .

========================================================================
Received Prepare
Registering precompiled user dll's ...
Registered in 0.003829 seconds.
Begin MonoManager ReloadAssembly
Native extension for WindowsStandalone target not found
Refreshing native plugins compatible for Editor in 0.27 ms, found 0 plugins.
Preloading 0 native plugins for Editor in 0.00 ms.
Invoked RoslynAnalysisRunner static constructor.
RoslynAnalysisRunner will not be running.
RoslynAnalysisRunner has terminated.
Mono: successfully reloaded assembly
- Completed reload, in  0.746 seconds
Platform modules already initialized, skipping
Refreshing native plugins compatible for Editor in 0.26 ms, found 0 plugins.
Preloading 0 native plugins for Editor in 0.00 ms.
Unloading 1142 Unused Serialized files (Serialized files now loaded: 0)
System memory in use before: 63.2 MB.
System memory in use after: 63.2 MB.

Unloading 12 unused Assets to reduce memory usage. Loaded Objects now: 1657.
Total: 1.484800 ms (FindLiveObjects: 0.154900 ms CreateObjectMapping: 0.044800 ms MarkObjects: 1.227300 ms  DeleteObjects: 0.056400 ms)

========================================================================
Received Import Request.
  Time since last request: 16.605718 seconds.
  path: Assets/Prefabs/Barrel_01.prefab
  artifactKey: Guid(95927758d3a4cef4ba6c4318f06876fd) Importer(815301076,1909f56bfc062723c751e8b465ee728b)
Start importing Assets/Prefabs/Barrel_01.prefab using Guid(95927758d3a4cef4ba6c4318f06876fd) Importer(815301076,1909f56bfc062723c751e8b465ee728b)  -> (artifact id: '0a0fdfbe54044c2b31165c7d4a85fa22') in 0.057436 seconds
  Import took 0.083271 seconds .

========================================================================
Received Import Request.
  Time since last request: 2.045405 seconds.
  path: Assets/Prefabs/Barrel_01.prefab
  artifactKey: Guid(95927758d3a4cef4ba6c4318f06876fd) Importer(815301076,1909f56bfc062723c751e8b465ee728b)
Start importing Assets/Prefabs/Barrel_01.prefab using Guid(95927758d3a4cef4ba6c4318f06876fd) Importer(815301076,1909f56bfc062723c751e8b465ee728b)  -> (artifact id: '76340604a23767a458617ef436c30d18') in 0.016615 seconds
  Import took 0.019484 seconds .

========================================================================
Received Prepare
Registering precompiled user dll's ...
Registered in 0.002445 seconds.
Begin MonoManager ReloadAssembly
Native extension for WindowsStandalone target not found
Refreshing native plugins compatible for Editor in 0.28 ms, found 0 plugins.
Preloading 0 native plugins for Editor in 0.00 ms.
Invoked RoslynAnalysisRunner static constructor.
RoslynAnalysisRunner will not be running.
RoslynAnalysisRunner has terminated.
Mono: successfully reloaded assembly
- Completed reload, in  0.689 seconds
Platform modules already initialized, skipping
Refreshing native plugins compatible for Editor in 0.29 ms, found 0 plugins.
Preloading 0 native plugins for Editor in 0.00 ms.
Unloading 1142 Unused Serialized files (Serialized files now loaded: 0)
System memory in use before: 63.4 MB.
System memory in use after: 63.5 MB.

Unloading 12 unused Assets to reduce memory usage. Loaded Objects now: 1660.
Total: 1.745300 ms (FindLiveObjects: 0.202200 ms CreateObjectMapping: 0.044400 ms MarkObjects: 1.441300 ms  DeleteObjects: 0.055300 ms)

========================================================================
Received Import Request.
  Time since last request: 107.970735 seconds.
  path: Assets/Prefabs/Barrel_01.prefab
  artifactKey: Guid(95927758d3a4cef4ba6c4318f06876fd) Importer(815301076,1909f56bfc062723c751e8b465ee728b)
Start importing Assets/Prefabs/Barrel_01.prefab using Guid(95927758d3a4cef4ba6c4318f06876fd) Importer(815301076,1909f56bfc062723c751e8b465ee728b)  -> (artifact id: '054e0dfcf1b8b0aa83f98a6b9ca3a7b1') in 0.094683 seconds
  Import took 0.176134 seconds .

========================================================================
Received Prepare
Registering precompiled user dll's ...
Registered in 0.002404 seconds.
Begin MonoManager ReloadAssembly
Native extension for WindowsStandalone target not found
Refreshing native plugins compatible for Editor in 0.26 ms, found 0 plugins.
Preloading 0 native plugins for Editor in 0.00 ms.
Invoked RoslynAnalysisRunner static constructor.
RoslynAnalysisRunner will not be running.
RoslynAnalysisRunner has terminated.
Mono: successfully reloaded assembly
- Completed reload, in  0.701 seconds
Platform modules already initialized, skipping
Refreshing native plugins compatible for Editor in 0.31 ms, found 0 plugins.
Preloading 0 native plugins for Editor in 0.00 ms.
Unloading 1142 Unused Serialized files (Serialized files now loaded: 0)
System memory in use before: 63.6 MB.
System memory in use after: 63.7 MB.

Unloading 12 unused Assets to reduce memory usage. Loaded Objects now: 1663.
Total: 3.083600 ms (FindLiveObjects: 0.313400 ms CreateObjectMapping: 0.295900 ms MarkObjects: 2.015400 ms  DeleteObjects: 0.455800 ms)

========================================================================
Received Import Request.
  Time since last request: 81.090604 seconds.
  path: Assets/Prefabs/Barrel_01.prefab
  artifactKey: Guid(95927758d3a4cef4ba6c4318f06876fd) Importer(815301076,1909f56bfc062723c751e8b465ee728b)
Start importing Assets/Prefabs/Barrel_01.prefab using Guid(95927758d3a4cef4ba6c4318f06876fd) Importer(815301076,1909f56bfc062723c751e8b465ee728b)  -> (artifact id: 'ef52b16504075c4562e4d2c928c588c4') in 0.062130 seconds
  Import took 0.080100 seconds .

========================================================================
Received Prepare
Registering precompiled user dll's ...
Registered in 0.002429 seconds.
Begin MonoManager ReloadAssembly
Native extension for WindowsStandalone target not found
Refreshing native plugins compatible for Editor in 0.27 ms, found 0 plugins.
Preloading 0 native plugins for Editor in 0.00 ms.
Invoked RoslynAnalysisRunner static constructor.
RoslynAnalysisRunner will not be running.
RoslynAnalysisRunner has terminated.
Mono: successfully reloaded assembly
- Completed reload, in  0.717 seconds
Platform modules already initialized, skipping
Refreshing native plugins compatible for Editor in 0.40 ms, found 0 plugins.
Preloading 0 native plugins for Editor in 0.00 ms.
Unloading 1142 Unused Serialized files (Serialized files now loaded: 0)
System memory in use before: 63.6 MB.
System memory in use after: 63.7 MB.

Unloading 12 unused Assets to reduce memory usage. Loaded Objects now: 1666.
Total: 3.859900 ms (FindLiveObjects: 1.656400 ms CreateObjectMapping: 0.055100 ms MarkObjects: 2.085300 ms  DeleteObjects: 0.060900 ms)

========================================================================
Received Prepare
Registering precompiled user dll's ...
Registered in 0.002371 seconds.
Begin MonoManager ReloadAssembly
Native extension for WindowsStandalone target not found
Refreshing native plugins compatible for Editor in 0.26 ms, found 0 plugins.
Preloading 0 native plugins for Editor in 0.00 ms.
Invoked RoslynAnalysisRunner static constructor.
RoslynAnalysisRunner will not be running.
RoslynAnalysisRunner has terminated.
Mono: successfully reloaded assembly
- Completed reload, in  0.720 seconds
Platform modules already initialized, skipping
Refreshing native plugins compatible for Editor in 0.29 ms, found 0 plugins.
Preloading 0 native plugins for Editor in 0.00 ms.
Unloading 1142 Unused Serialized files (Serialized files now loaded: 0)
System memory in use before: 63.0 MB.
System memory in use after: 63.1 MB.

Unloading 12 unused Assets to reduce memory usage. Loaded Objects now: 1668.
Total: 1.938200 ms (FindLiveObjects: 0.217500 ms CreateObjectMapping: 0.054600 ms MarkObjects: 1.595700 ms  DeleteObjects: 0.069300 ms)

========================================================================
Received Import Request.
  Time since last request: 50.954236 seconds.
  path: Assets/Prefabs/Barrel_01.prefab
  artifactKey: Guid(95927758d3a4cef4ba6c4318f06876fd) Importer(815301076,1909f56bfc062723c751e8b465ee728b)
Start importing Assets/Prefabs/Barrel_01.prefab using Guid(95927758d3a4cef4ba6c4318f06876fd) Importer(815301076,1909f56bfc062723c751e8b465ee728b)  -> (artifact id: '516d53e5699af7abcdb3bec737da2324') in 0.076336 seconds
  Import took 0.080023 seconds .

========================================================================
Received Prepare
Registering precompiled user dll's ...
Registered in 0.002858 seconds.
Begin MonoManager ReloadAssembly
Native extension for WindowsStandalone target not found
Refreshing native plugins compatible for Editor in 0.26 ms, found 0 plugins.
Preloading 0 native plugins for Editor in 0.00 ms.
Invoked RoslynAnalysisRunner static constructor.
RoslynAnalysisRunner will not be running.
RoslynAnalysisRunner has terminated.
Mono: successfully reloaded assembly
- Completed reload, in  0.712 seconds
Platform modules already initialized, skipping
Refreshing native plugins compatible for Editor in 0.34 ms, found 0 plugins.
Preloading 0 native plugins for Editor in 0.00 ms.
Unloading 1142 Unused Serialized files (Serialized files now loaded: 0)
System memory in use before: 63.3 MB.
System memory in use after: 63.3 MB.

Unloading 12 unused Assets to reduce memory usage. Loaded Objects now: 1671.
Total: 2.016500 ms (FindLiveObjects: 0.243400 ms CreateObjectMapping: 0.069700 ms MarkObjects: 1.643700 ms  DeleteObjects: 0.057900 ms)

========================================================================
Received Import Request.
  Time since last request: 31.295498 seconds.
  path: Assets/Prefabs/Barrel_01.prefab
  artifactKey: Guid(95927758d3a4cef4ba6c4318f06876fd) Importer(815301076,1909f56bfc062723c751e8b465ee728b)
Start importing Assets/Prefabs/Barrel_01.prefab using Guid(95927758d3a4cef4ba6c4318f06876fd) Importer(815301076,1909f56bfc062723c751e8b465ee728b)  -> (artifact id: '7599d4c34f839985d34320274c2c72e0') in 0.082984 seconds
  Import took 0.090549 seconds .

========================================================================
Received Prepare
Registering precompiled user dll's ...
Registered in 0.002887 seconds.
Begin MonoManager ReloadAssembly
Native extension for WindowsStandalone target not found
Refreshing native plugins compatible for Editor in 0.26 ms, found 0 plugins.
Preloading 0 native plugins for Editor in 0.00 ms.
Invoked RoslynAnalysisRunner static constructor.
RoslynAnalysisRunner will not be running.
RoslynAnalysisRunner has terminated.
Mono: successfully reloaded assembly
- Completed reload, in  0.704 seconds
Platform modules already initialized, skipping
Refreshing native plugins compatible for Editor in 0.26 ms, found 0 plugins.
Preloading 0 native plugins for Editor in 0.00 ms.
Unloading 1142 Unused Serialized files (Serialized files now loaded: 0)
System memory in use before: 63.5 MB.
System memory in use after: 63.6 MB.

Unloading 12 unused Assets to reduce memory usage. Loaded Objects now: 1674.
Total: 2.044000 ms (FindLiveObjects: 0.141700 ms CreateObjectMapping: 0.039100 ms MarkObjects: 1.480200 ms  DeleteObjects: 0.381600 ms)

========================================================================
Received Import Request.
  Time since last request: 162.493671 seconds.
  path: Assets/Materials
  artifactKey: Guid(3088b486f8a32044dbceb73b31277f6c) Importer(815301076,1909f56bfc062723c751e8b465ee728b)
Start importing Assets/Materials using Guid(3088b486f8a32044dbceb73b31277f6c) Importer(815301076,1909f56bfc062723c751e8b465ee728b)  -> (artifact id: '4ae6f1cb2793135e104e47115434634d') in 0.021547 seconds
  Import took 0.023678 seconds .

========================================================================
Received Import Request.
  Time since last request: 10.884592 seconds.
  path: Assets/Materials/New Physic Material.physicMaterial
  artifactKey: Guid(2ce7aee92a52a0b458f223ec356c73ae) Importer(815301076,1909f56bfc062723c751e8b465ee728b)
Start importing Assets/Materials/New Physic Material.physicMaterial using Guid(2ce7aee92a52a0b458f223ec356c73ae) Importer(815301076,1909f56bfc062723c751e8b465ee728b)  -> (artifact id: '5db013042ea2b9719cf8f30607dd7370') in 0.018923 seconds
  Import took 0.021937 seconds .

========================================================================
Received Import Request.
  Time since last request: 42.707102 seconds.
  path: Assets/Materials/Bouncing Material.physicMaterial
  artifactKey: Guid(e80d2682217c561438752c3f37620f59) Importer(815301076,1909f56bfc062723c751e8b465ee728b)
Start importing Assets/Materials/Bouncing Material.physicMaterial using Guid(e80d2682217c561438752c3f37620f59) Importer(815301076,1909f56bfc062723c751e8b465ee728b)  -> (artifact id: '8f4cd286e03a89210f5d022f1b37823c') in 0.010513 seconds
  Import took 0.012957 seconds .

========================================================================
Received Import Request.
  Time since last request: 154.031072 seconds.
  path: Assets/Prefabs/Barrel_01.prefab
  artifactKey: Guid(95927758d3a4cef4ba6c4318f06876fd) Importer(815301076,1909f56bfc062723c751e8b465ee728b)
Start importing Assets/Prefabs/Barrel_01.prefab using Guid(95927758d3a4cef4ba6c4318f06876fd) Importer(815301076,1909f56bfc062723c751e8b465ee728b)  -> (artifact id: '805b7d02c5c5936ac47f8889b9cacdcb') in 0.053231 seconds
  Import took 0.055905 seconds .

========================================================================
Received Prepare
Registering precompiled user dll's ...
Registered in 0.002448 seconds.
Begin MonoManager ReloadAssembly
Native extension for WindowsStandalone target not found
Refreshing native plugins compatible for Editor in 0.26 ms, found 0 plugins.
Preloading 0 native plugins for Editor in 0.00 ms.
Invoked RoslynAnalysisRunner static constructor.
RoslynAnalysisRunner will not be running.
RoslynAnalysisRunner has terminated.
Mono: successfully reloaded assembly
- Completed reload, in  0.682 seconds
Platform modules already initialized, skipping
Refreshing native plugins compatible for Editor in 0.27 ms, found 0 plugins.
Preloading 0 native plugins for Editor in 0.00 ms.
Unloading 1142 Unused Serialized files (Serialized files now loaded: 0)
System memory in use before: 63.7 MB.
System memory in use after: 63.8 MB.

Unloading 12 unused Assets to reduce memory usage. Loaded Objects now: 1677.
Total: 1.617100 ms (FindLiveObjects: 0.136100 ms CreateObjectMapping: 0.037400 ms MarkObjects: 1.388800 ms  DeleteObjects: 0.053600 ms)

========================================================================
Received Prepare
Registering precompiled user dll's ...
Registered in 0.003917 seconds.
Begin MonoManager ReloadAssembly
Native extension for WindowsStandalone target not found
Refreshing native plugins compatible for Editor in 0.28 ms, found 0 plugins.
Preloading 0 native plugins for Editor in 0.00 ms.
Invoked RoslynAnalysisRunner static constructor.
RoslynAnalysisRunner will not be running.
RoslynAnalysisRunner has terminated.
Mono: successfully reloaded assembly
- Completed reload, in  1.281 seconds
Platform modules already initialized, skipping
Refreshing native plugins compatible for Editor in 0.41 ms, found 0 plugins.
Preloading 0 native plugins for Editor in 0.00 ms.
Unloading 1142 Unused Serialized files (Serialized files now loaded: 0)
System memory in use before: 62.9 MB.
System memory in use after: 63.0 MB.

Unloading 12 unused Assets to reduce memory usage. Loaded Objects now: 1679.
Total: 3.665600 ms (FindLiveObjects: 0.155600 ms CreateObjectMapping: 0.146200 ms MarkObjects: 3.257600 ms  DeleteObjects: 0.103800 ms)

========================================================================
Received Prepare
Registering precompiled user dll's ...
Registered in 0.002474 seconds.
Begin MonoManager ReloadAssembly
Native extension for WindowsStandalone target not found
Refreshing native plugins compatible for Editor in 0.27 ms, found 0 plugins.
Preloading 0 native plugins for Editor in 0.00 ms.
Invoked RoslynAnalysisRunner static constructor.
RoslynAnalysisRunner will not be running.
RoslynAnalysisRunner has terminated.
Mono: successfully reloaded assembly
- Completed reload, in  0.686 seconds
Platform modules already initialized, skipping
Refreshing native plugins compatible for Editor in 0.30 ms, found 0 plugins.
Preloading 0 native plugins for Editor in 0.00 ms.
Unloading 1142 Unused Serialized files (Serialized files now loaded: 0)
System memory in use before: 63.2 MB.
System memory in use after: 63.2 MB.

Unloading 12 unused Assets to reduce memory usage. Loaded Objects now: 1681.
Total: 1.779600 ms (FindLiveObjects: 0.196700 ms CreateObjectMapping: 0.056600 ms MarkObjects: 1.457500 ms  DeleteObjects: 0.067800 ms)

========================================================================
Received Import Request.
  Time since last request: 211.110110 seconds.
  path: Assets/Prefabs/Barrel_01.prefab
  artifactKey: Guid(95927758d3a4cef4ba6c4318f06876fd) Importer(815301076,1909f56bfc062723c751e8b465ee728b)
Start importing Assets/Prefabs/Barrel_01.prefab using Guid(95927758d3a4cef4ba6c4318f06876fd) Importer(815301076,1909f56bfc062723c751e8b465ee728b)  -> (artifact id: '267d7c3906f8ff5294c1d1c6a0e259cb') in 0.053489 seconds
  Import took 0.153942 seconds .

========================================================================
Received Import Request.
  Time since last request: 9.309991 seconds.
  path: Assets/Prefabs/Barrel_01.prefab
  artifactKey: Guid(95927758d3a4cef4ba6c4318f06876fd) Importer(815301076,1909f56bfc062723c751e8b465ee728b)
Start importing Assets/Prefabs/Barrel_01.prefab using Guid(95927758d3a4cef4ba6c4318f06876fd) Importer(815301076,1909f56bfc062723c751e8b465ee728b)  -> (artifact id: '8a5fdfc37a6bd943c90566a1c98ae8d7') in 0.017687 seconds
  Import took 0.069435 seconds .

========================================================================
Received Import Request.
  Time since last request: 1.015235 seconds.
  path: Assets/Prefabs/Barrel_01.prefab
  artifactKey: Guid(95927758d3a4cef4ba6c4318f06876fd) Importer(815301076,1909f56bfc062723c751e8b465ee728b)
Start importing Assets/Prefabs/Barrel_01.prefab using Guid(95927758d3a4cef4ba6c4318f06876fd) Importer(815301076,1909f56bfc062723c751e8b465ee728b)  -> (artifact id: '62497d83c6a44f60e731c016d3c079c1') in 0.017662 seconds
  Import took 0.020268 seconds .

========================================================================
Received Import Request.
  Time since last request: 4.064995 seconds.
  path: Assets/Prefabs/Barrel_01.prefab
  artifactKey: Guid(95927758d3a4cef4ba6c4318f06876fd) Importer(815301076,1909f56bfc062723c751e8b465ee728b)
Start importing Assets/Prefabs/Barrel_01.prefab using Guid(95927758d3a4cef4ba6c4318f06876fd) Importer(815301076,1909f56bfc062723c751e8b465ee728b)  -> (artifact id: '6600ef0a46eeb014cdb1ccde8306eec6') in 0.016881 seconds
  Import took 0.019104 seconds .

========================================================================
Received Import Request.
  Time since last request: 8.501095 seconds.
  path: Assets/Prefabs/Barrel_01.prefab
  artifactKey: Guid(95927758d3a4cef4ba6c4318f06876fd) Importer(815301076,1909f56bfc062723c751e8b465ee728b)
Start importing Assets/Prefabs/Barrel_01.prefab using Guid(95927758d3a4cef4ba6c4318f06876fd) Importer(815301076,1909f56bfc062723c751e8b465ee728b)  -> (artifact id: 'b99632d88e579f485df34784d18ba2ae') in 0.018072 seconds
  Import took 0.100078 seconds .

========================================================================
Received Prepare
Registering precompiled user dll's ...
Registered in 0.002988 seconds.
Begin MonoManager ReloadAssembly
Native extension for WindowsStandalone target not found
Refreshing native plugins compatible for Editor in 0.25 ms, found 0 plugins.
Preloading 0 native plugins for Editor in 0.00 ms.
Invoked RoslynAnalysisRunner static constructor.
RoslynAnalysisRunner will not be running.
RoslynAnalysisRunner has terminated.
Mono: successfully reloaded assembly
- Completed reload, in  0.675 seconds
Platform modules already initialized, skipping
Refreshing native plugins compatible for Editor in 0.32 ms, found 0 plugins.
Preloading 0 native plugins for Editor in 0.00 ms.
Unloading 1142 Unused Serialized files (Serialized files now loaded: 0)
System memory in use before: 63.4 MB.
System memory in use after: 63.5 MB.

Unloading 12 unused Assets to reduce memory usage. Loaded Objects now: 1684.
Total: 1.513300 ms (FindLiveObjects: 0.132300 ms CreateObjectMapping: 0.036700 ms MarkObjects: 1.279900 ms  DeleteObjects: 0.063300 ms)

========================================================================
Received Import Request.
  Time since last request: 25.585915 seconds.
  path: Assets/Prefabs/Barrel_01.prefab
  artifactKey: Guid(95927758d3a4cef4ba6c4318f06876fd) Importer(815301076,1909f56bfc062723c751e8b465ee728b)
Start importing Assets/Prefabs/Barrel_01.prefab using Guid(95927758d3a4cef4ba6c4318f06876fd) Importer(815301076,1909f56bfc062723c751e8b465ee728b)  -> (artifact id: '30c668de206aa526753845d8f6edbfeb') in 0.152190 seconds
  Import took 0.207339 seconds .

========================================================================
Received Prepare
Registering precompiled user dll's ...
Registered in 0.002782 seconds.
Begin MonoManager ReloadAssembly
Native extension for WindowsStandalone target not found
Refreshing native plugins compatible for Editor in 0.52 ms, found 0 plugins.
Preloading 0 native plugins for Editor in 0.00 ms.
Invoked RoslynAnalysisRunner static constructor.
RoslynAnalysisRunner will not be running.
RoslynAnalysisRunner has terminated.
Mono: successfully reloaded assembly
- Completed reload, in  0.693 seconds
Platform modules already initialized, skipping
Refreshing native plugins compatible for Editor in 1.83 ms, found 0 plugins.
Preloading 0 native plugins for Editor in 0.00 ms.
Unloading 1142 Unused Serialized files (Serialized files now loaded: 0)
System memory in use before: 63.6 MB.
System memory in use after: 63.7 MB.

Unloading 12 unused Assets to reduce memory usage. Loaded Objects now: 1687.
Total: 2.199000 ms (FindLiveObjects: 0.199100 ms CreateObjectMapping: 0.073900 ms MarkObjects: 1.865600 ms  DeleteObjects: 0.059100 ms)

========================================================================
Received Prepare
Registering precompiled user dll's ...
Registered in 0.002737 seconds.
Begin MonoManager ReloadAssembly
Native extension for WindowsStandalone target not found
Refreshing native plugins compatible for Editor in 0.26 ms, found 0 plugins.
Preloading 0 native plugins for Editor in 0.00 ms.
Invoked RoslynAnalysisRunner static constructor.
RoslynAnalysisRunner will not be running.
RoslynAnalysisRunner has terminated.
Mono: successfully reloaded assembly
- Completed reload, in  0.712 seconds
Platform modules already initialized, skipping
Refreshing native plugins compatible for Editor in 0.27 ms, found 0 plugins.
Preloading 0 native plugins for Editor in 0.00 ms.
Unloading 1142 Unused Serialized files (Serialized files now loaded: 0)
System memory in use before: 63.7 MB.
System memory in use after: 63.8 MB.

Unloading 12 unused Assets to reduce memory usage. Loaded Objects now: 1689.
Total: 1.644100 ms (FindLiveObjects: 0.153800 ms CreateObjectMapping: 0.041100 ms MarkObjects: 1.395700 ms  DeleteObjects: 0.052100 ms)

========================================================================
Received Prepare
Registering precompiled user dll's ...
Registered in 0.002543 seconds.
Begin MonoManager ReloadAssembly
Native extension for WindowsStandalone target not found
Refreshing native plugins compatible for Editor in 0.34 ms, found 0 plugins.
Preloading 0 native plugins for Editor in 0.00 ms.
Invoked RoslynAnalysisRunner static constructor.
RoslynAnalysisRunner will not be running.
RoslynAnalysisRunner has terminated.
Mono: successfully reloaded assembly
- Completed reload, in  0.693 seconds
Platform modules already initialized, skipping
Refreshing native plugins compatible for Editor in 0.31 ms, found 0 plugins.
Preloading 0 native plugins for Editor in 0.00 ms.
Unloading 1142 Unused Serialized files (Serialized files now loaded: 0)
System memory in use before: 63.0 MB.
System memory in use after: 63.1 MB.

Unloading 12 unused Assets to reduce memory usage. Loaded Objects now: 1691.
Total: 2.789700 ms (FindLiveObjects: 0.146900 ms CreateObjectMapping: 0.041700 ms MarkObjects: 2.532100 ms  DeleteObjects: 0.067700 ms)

AssetImportWorkerClient::OnTransportError - code=2 error=End of file
