Using pre-set license
Built from '2020.2/release' branch; Version is '2020.2.1f1 (270dd8c3da1c) revision 2559448'; Using compiler version '192528614'; Build Type 'Release'
OS: 'Windows 10  (10.0.0) 64bit' Language: 'es' Physical Memory: 8125 MB
BatchMode: 1, IsHumanControllingUs: 0, StartBugReporterOnCrash: 0, Is64bit: 1, IsPro: 0

 COMMAND LINE ARGUMENTS:
D:\Archivos de programa\Unity\Hub\Editor\2020.2.1f1\Editor\Unity.exe
-adb2
-batchMode
-noUpm
-name
AssetImportWorker0
-projectPath
D:/Escritorio/Developer/Proyectos/03Jump
-logFile
Logs/AssetImportWorker0.log
-srvPort
52743
Successfully changed project path to: D:/Escritorio/Developer/Proyectos/03Jump
D:/Escritorio/Developer/Proyectos/03Jump
Using Asset Import Pipeline V2.
Refreshing native plugins compatible for Editor in 34.46 ms, found 0 plugins.
Preloading 0 native plugins for Editor in 0.00 ms.
Initialize engine version: 2020.2.1f1 (270dd8c3da1c)
[Subsystems] Discovering subsystems at path D:/Archivos de programa/Unity/Hub/Editor/2020.2.1f1/Editor/Data/Resources/UnitySubsystems
[Subsystems] Discovering subsystems at path D:/Escritorio/Developer/Proyectos/03Jump/Assets
GfxDevice: creating device client; threaded=0
Direct3D:
    Version:  Direct3D 11.0 [level 11.1]
    Renderer: NVIDIA GeForce GTX 1650 (ID=0x1f82)
    Vendor:   
    VRAM:     3962 MB
    Driver:   27.21.14.6140
Initialize mono
Mono path[0] = 'D:/Archivos de programa/Unity/Hub/Editor/2020.2.1f1/Editor/Data/Managed'
Mono path[1] = 'D:/Archivos de programa/Unity/Hub/Editor/2020.2.1f1/Editor/Data/MonoBleedingEdge/lib/mono/unityjit'
Mono config path = 'D:/Archivos de programa/Unity/Hub/Editor/2020.2.1f1/Editor/Data/MonoBleedingEdge/etc'
Using monoOptions --debugger-agent=transport=dt_socket,embedding=1,server=y,suspend=n,address=127.0.0.1:56608
Begin MonoManager ReloadAssembly
Registering precompiled unity dll's ...
Register platform support module: D:/Archivos de programa/Unity/Hub/Editor/2020.2.1f1/Editor/Data/PlaybackEngines/WindowsStandaloneSupport/UnityEditor.WindowsStandalone.Extensions.dll
Registered in 0.000991 seconds.
Native extension for WindowsStandalone target not found
Refreshing native plugins compatible for Editor in 27.93 ms, found 0 plugins.
Preloading 0 native plugins for Editor in 0.00 ms.
Invoked RoslynAnalysisRunner static constructor.
RoslynAnalysisRunner will not be running.
RoslynAnalysisRunner has terminated.
Mono: successfully reloaded assembly
- Completed reload, in  0.911 seconds
Platform modules already initialized, skipping
Registering precompiled user dll's ...
Registered in 0.002761 seconds.
Begin MonoManager ReloadAssembly
Native extension for WindowsStandalone target not found
Refreshing native plugins compatible for Editor in 0.26 ms, found 0 plugins.
Preloading 0 native plugins for Editor in 0.00 ms.
Invoked RoslynAnalysisRunner static constructor.
RoslynAnalysisRunner will not be running.
RoslynAnalysisRunner has terminated.
Mono: successfully reloaded assembly
- Completed reload, in  1.027 seconds
Platform modules already initialized, skipping
========================================================================
Worker process is ready to serve import requests
Launched and connected shader compiler UnityShaderCompiler.exe after 0.11 seconds
Refreshing native plugins compatible for Editor in 0.26 ms, found 0 plugins.
Preloading 0 native plugins for Editor in 0.00 ms.
Unloading 1149 Unused Serialized files (Serialized files now loaded: 0)
System memory in use before: 58.5 MB.
System memory in use after: 58.5 MB.

Unloading 17 unused Assets to reduce memory usage. Loaded Objects now: 1590.
Total: 4.051000 ms (FindLiveObjects: 0.990800 ms CreateObjectMapping: 0.168200 ms MarkObjects: 2.779100 ms  DeleteObjects: 0.111200 ms)

========================================================================
Received Import Request.
  path: Assets/_Scripts/PlayerController.cs
  artifactKey: Guid(a4d7e04ee93c9b9469660ceb0ff188de) Importer(815301076,1909f56bfc062723c751e8b465ee728b)
Start importing Assets/_Scripts/PlayerController.cs using Guid(a4d7e04ee93c9b9469660ceb0ff188de) Importer(815301076,1909f56bfc062723c751e8b465ee728b)  -> (artifact id: 'c780d54f7e3b32dde5f79cf135db0e6d') in 0.122172 seconds
  Import took 0.265382 seconds .

========================================================================
Received Import Request.
  Time since last request: 707.932299 seconds.
  path: Assets/_Scripts/PlayerController.cs
  artifactKey: Guid(a4d7e04ee93c9b9469660ceb0ff188de) Importer(815301076,1909f56bfc062723c751e8b465ee728b)
Start importing Assets/_Scripts/PlayerController.cs using Guid(a4d7e04ee93c9b9469660ceb0ff188de) Importer(815301076,1909f56bfc062723c751e8b465ee728b)  -> (artifact id: '0a162fc860d03b85c9d9350fc9169332') in 0.007264 seconds
  Import took 0.055502 seconds .

========================================================================
Received Import Request.
  Time since last request: 25.671967 seconds.
  path: Assets/_Scripts/PlayerController.cs
  artifactKey: Guid(a4d7e04ee93c9b9469660ceb0ff188de) Importer(815301076,1909f56bfc062723c751e8b465ee728b)
Start importing Assets/_Scripts/PlayerController.cs using Guid(a4d7e04ee93c9b9469660ceb0ff188de) Importer(815301076,1909f56bfc062723c751e8b465ee728b)  -> (artifact id: 'a31506be42739d8fccc02bcf0f5f46e5') in 0.006467 seconds
  Import took 0.066412 seconds .

========================================================================
Received Prepare
Registering precompiled user dll's ...
Registered in 0.002345 seconds.
Begin MonoManager ReloadAssembly
Native extension for WindowsStandalone target not found
Refreshing native plugins compatible for Editor in 0.50 ms, found 0 plugins.
Preloading 0 native plugins for Editor in 0.00 ms.
Invoked RoslynAnalysisRunner static constructor.
RoslynAnalysisRunner will not be running.
RoslynAnalysisRunner has terminated.
Mono: successfully reloaded assembly
- Completed reload, in  0.708 seconds
Platform modules already initialized, skipping
Refreshing native plugins compatible for Editor in 0.27 ms, found 0 plugins.
Preloading 0 native plugins for Editor in 0.00 ms.
Unloading 1142 Unused Serialized files (Serialized files now loaded: 0)
System memory in use before: 58.6 MB.
System memory in use after: 58.6 MB.

Unloading 12 unused Assets to reduce memory usage. Loaded Objects now: 1592.
Total: 1.566000 ms (FindLiveObjects: 0.134600 ms CreateObjectMapping: 0.045700 ms MarkObjects: 1.326000 ms  DeleteObjects: 0.058500 ms)

========================================================================
Received Import Request.
  Time since last request: 201.397566 seconds.
  path: Assets/_Scripts/PlayerController.cs
  artifactKey: Guid(a4d7e04ee93c9b9469660ceb0ff188de) Importer(815301076,1909f56bfc062723c751e8b465ee728b)
Start importing Assets/_Scripts/PlayerController.cs using Guid(a4d7e04ee93c9b9469660ceb0ff188de) Importer(815301076,1909f56bfc062723c751e8b465ee728b)  -> (artifact id: '16ebce5ca8c37a7bc56f6113804928fb') in 0.003957 seconds
  Import took 0.044413 seconds .

========================================================================
Received Prepare
Registering precompiled user dll's ...
Registered in 0.002345 seconds.
Begin MonoManager ReloadAssembly
Native extension for WindowsStandalone target not found
Refreshing native plugins compatible for Editor in 0.34 ms, found 0 plugins.
Preloading 0 native plugins for Editor in 0.00 ms.
Invoked RoslynAnalysisRunner static constructor.
RoslynAnalysisRunner will not be running.
RoslynAnalysisRunner has terminated.
Mono: successfully reloaded assembly
- Completed reload, in  0.712 seconds
Platform modules already initialized, skipping
Refreshing native plugins compatible for Editor in 0.26 ms, found 0 plugins.
Preloading 0 native plugins for Editor in 0.00 ms.
Unloading 1142 Unused Serialized files (Serialized files now loaded: 0)
System memory in use before: 58.8 MB.
System memory in use after: 58.9 MB.

Unloading 12 unused Assets to reduce memory usage. Loaded Objects now: 1594.
Total: 10.052700 ms (FindLiveObjects: 0.487100 ms CreateObjectMapping: 0.180000 ms MarkObjects: 9.275600 ms  DeleteObjects: 0.106400 ms)

========================================================================
Received Import Request.
  Time since last request: 137.629073 seconds.
  path: Assets/_Scripts/PlayerController.cs
  artifactKey: Guid(a4d7e04ee93c9b9469660ceb0ff188de) Importer(815301076,1909f56bfc062723c751e8b465ee728b)
Start importing Assets/_Scripts/PlayerController.cs using Guid(a4d7e04ee93c9b9469660ceb0ff188de) Importer(815301076,1909f56bfc062723c751e8b465ee728b)  -> (artifact id: 'b87e1494031f67e3f508588e52da9aaf') in 0.014972 seconds
  Import took 0.142560 seconds .

========================================================================
Received Import Request.
  Time since last request: 70.074243 seconds.
  path: Assets/Materials/Bouncing Material.physicMaterial
  artifactKey: Guid(e80d2682217c561438752c3f37620f59) Importer(815301076,1909f56bfc062723c751e8b465ee728b)
Start importing Assets/Materials/Bouncing Material.physicMaterial using Guid(e80d2682217c561438752c3f37620f59) Importer(815301076,1909f56bfc062723c751e8b465ee728b)  -> (artifact id: 'c009f1748577e877d3e8ba92cd169162') in 0.025526 seconds
  Import took 0.080166 seconds .

========================================================================
Received Prepare
Registering precompiled user dll's ...
Registered in 0.002471 seconds.
Begin MonoManager ReloadAssembly
Native extension for WindowsStandalone target not found
Refreshing native plugins compatible for Editor in 0.26 ms, found 0 plugins.
Preloading 0 native plugins for Editor in 0.00 ms.
Invoked RoslynAnalysisRunner static constructor.
RoslynAnalysisRunner will not be running.
RoslynAnalysisRunner has terminated.
Mono: successfully reloaded assembly
- Completed reload, in  0.677 seconds
Platform modules already initialized, skipping
Refreshing native plugins compatible for Editor in 0.30 ms, found 0 plugins.
Preloading 0 native plugins for Editor in 0.00 ms.
Unloading 1142 Unused Serialized files (Serialized files now loaded: 0)
System memory in use before: 59.0 MB.
System memory in use after: 59.1 MB.

Unloading 12 unused Assets to reduce memory usage. Loaded Objects now: 1596.
Total: 2.003500 ms (FindLiveObjects: 0.130500 ms CreateObjectMapping: 0.036400 ms MarkObjects: 1.767000 ms  DeleteObjects: 0.067900 ms)

AssetImportWorkerClient::OnTransportError - code=2 error=End of file
